Using pre-set license
Desktop is 3840 x 1080 @ 60 Hz

 COMMAND LINE ARGUMENTS:
Unity
-adb2
-batchMode
-noUpm
-name
AssetImportWorker0
-projectPath
/home/rogizord/unityProjects/githubProj/zombies-vs-plants/ZombiesVsPlants
-logFile
Logs/AssetImportWorker0.log
-srvPort
35531
Successfully changed project path to: /home/rogizord/unityProjects/githubProj/zombies-vs-plants/ZombiesVsPlants
/home/rogizord/unityProjects/githubProj/zombies-vs-plants/ZombiesVsPlants
Using Asset Import Pipeline V2.
Refreshing native plugins compatible for Editor in 51,30 ms, found 1 plugins.
Preloading 0 native plugins for Editor in 0,00 ms.
Initialize engine version: 2020.3.13f1 (71691879b7f5)
[Subsystems] Discovering subsystems at path /home/rogizord/Unity/Hub/Editor/2020.3.13f1/Editor/Data/Resources/UnitySubsystems
[Subsystems] Discovering subsystems at path /home/rogizord/unityProjects/githubProj/zombies-vs-plants/ZombiesVsPlants/Assets
GLX Extensions: GLX_ARB_create_context GLX_ARB_create_context_no_error GLX_ARB_create_context_profile GLX_ARB_create_context_robustness GLX_ARB_fbconfig_float GLX_ARB_framebuffer_sRGB GLX_ARB_get_proc_address GLX_ARB_multisample GLX_EXT_buffer_age GLX_EXT_create_context_es2_profile GLX_EXT_create_context_es_profile GLX_EXT_fbconfig_packed_float GLX_EXT_framebuffer_sRGB GLX_EXT_import_context GLX_EXT_texture_from_pixmap GLX_EXT_visual_info GLX_EXT_visual_rating GLX_INTEL_swap_event GLX_MESA_copy_sub_buffer GLX_MESA_query_renderer GLX_MESA_swap_control GLX_OML_swap_method GLX_OML_sync_control GLX_SGIS_multisample GLX_SGIX_fbconfig GLX_SGIX_pbuffer GLX_SGIX_visual_select_group GLX_SGI_make_current_read GLX_SGI_swap_control GLX_SGI_video_sync 
Renderer: AMD Radeon (TM) RX 460 Graphics (POLARIS11, DRM 3.35.0, 5.4.0-80-generic, LLVM 11.0.0)
Vendor:   X.Org
Version:  4.6 (Core Profile) Mesa 20.2.6
GLES:     0
 GL_AMD_conservative_depth GL_AMD_depth_clamp_separate GL_AMD_draw_buffers_blend GL_AMD_framebuffer_multisample_advanced GL_AMD_gpu_shader_int64 GL_AMD_multi_draw_indirect GL_AMD_performance_monitor GL_AMD_pinned_memory GL_AMD_query_buffer_object GL_AMD_seamless_cubemap_per_texture GL_AMD_shader_stencil_export GL_AMD_shader_trinary_minmax GL_AMD_texture_texture4 GL_AMD_vertex_shader_layer GL_AMD_vertex_shader_viewport_index GL_ANGLE_texture_compression_dxt3 GL_ANGLE_texture_compression_dxt5 GL_ARB_ES2_compatibility GL_ARB_ES3_1_compatibility GL_ARB_ES3_2_compatibility GL_ARB_ES3_compatibility GL_ARB_arrays_of_arrays GL_ARB_base_instance GL_ARB_bindless_texture GL_ARB_blend_func_extended GL_ARB_buffer_storage GL_ARB_clear_buffer_object GL_ARB_clear_texture GL_ARB_clip_control GL_ARB_color_buffer_float GL_ARB_compressed_texture_pixel_storage GL_ARB_compute_shader GL_ARB_compute_variable_group_size GL_ARB_conditional_render_inverted GL_ARB_conservative_depth GL_ARB_copy_buffer GL_ARB_copy_image GL_ARB_cull_dist
ance GL_ARB_debug_output GL_ARB_depth_buffer_float GL_ARB_depth_clamp GL_ARB_derivative_control GL_ARB_direct_state_access GL_ARB_draw_buffers GL_ARB_draw_buffers_blend GL_ARB_draw_elements_base_vertex GL_ARB_draw_indirect GL_ARB_draw_instanced GL_ARB_enhanced_layouts GL_ARB_explicit_attrib_location GL_ARB_explicit_uniform_location GL_ARB_fragment_coord_conventions GL_ARB_fragment_layer_viewport GL_ARB_fragment_shader GL_ARB_framebuffer_no_attachments GL_ARB_framebuffer_object GL_ARB_framebuffer_sRGB GL_ARB_get_program_binary GL_ARB_get_texture_sub_image GL_ARB_gl_spirv GL_ARB_gpu_shader5 GL_ARB_gpu_shader_fp64 GL_ARB_gpu_shader_int64 GL_ARB_half_float_pixel GL_ARB_half_float_vertex GL_ARB_indirect_parameters GL_ARB_instanced_arrays GL_ARB_internalformat_query GL_ARB_internalformat_query2 GL_ARB_invalidate_subdata GL_ARB_map_buffer_alignment GL_ARB_map_buffer_range GL_ARB_multi_bind GL_ARB_multi_draw_indirect GL_ARB_occlusion_query2 GL_ARB_parallel_shader_compile GL_ARB_pipeline_statistics_query GL_ARB_pixel
_buffer_object GL_ARB_point_sprite GL_ARB_polygon_offset_clamp GL_ARB_program_interface_query GL_ARB_provoking_vertex GL_ARB_query_buffer_object GL_ARB_robust_buffer_access_behavior GL_ARB_robustness GL_ARB_sample_shading GL_ARB_sampler_objects GL_ARB_seamless_cube_map GL_ARB_seamless_cubemap_per_texture GL_ARB_separate_shader_objects GL_ARB_shader_atomic_counter_ops GL_ARB_shader_atomic_counters GL_ARB_shader_ballot GL_ARB_shader_bit_encoding GL_ARB_shader_clock GL_ARB_shader_draw_parameters GL_ARB_shader_group_vote GL_ARB_shader_image_load_store GL_ARB_shader_image_size GL_ARB_shader_objects GL_ARB_shader_precision GL_ARB_shader_stencil_export GL_ARB_shader_storage_buffer_object GL_ARB_shader_subroutine GL_ARB_shader_texture_image_samples GL_ARB_shader_texture_lod GL_ARB_shader_viewport_layer_array GL_ARB_shading_language_420pack GL_ARB_shading_language_include GL_ARB_shading_language_packing GL_ARB_sparse_buffer GL_ARB_spirv_extensions GL_ARB_stencil_texturing GL_ARB_sync GL_ARB_tessellation_shader GL_ARB
_texture_barrier GL_ARB_texture_buffer_object GL_ARB_texture_buffer_object_rgb32 GL_ARB_texture_buffer_range GL_ARB_texture_compression_bptc GL_ARB_texture_compression_rgtc GL_ARB_texture_cube_map_array GL_ARB_texture_filter_anisotropic GL_ARB_texture_float GL_ARB_texture_gather GL_ARB_texture_mirror_clamp_to_edge GL_ARB_texture_multisample GL_ARB_texture_non_power_of_two GL_ARB_texture_query_levels GL_ARB_texture_query_lod GL_ARB_texture_rectangle GL_ARB_texture_rg GL_ARB_texture_rgb10_a2ui GL_ARB_texture_stencil8 GL_ARB_texture_storage GL_ARB_texture_storage_multisample GL_ARB_texture_swizzle GL_ARB_texture_view GL_ARB_timer_query GL_ARB_transform_feedback2 GL_ARB_transform_feedback3 GL_ARB_transform_feedback_instanced GL_ARB_transform_feedback_overflow_query GL_ARB_uniform_buffer_object GL_ARB_vertex_array_bgra GL_ARB_vertex_array_object GL_ARB_vertex_attrib_64bit GL_ARB_vertex_attrib_binding GL_ARB_vertex_buffer_object GL_ARB_vertex_shader GL_ARB_vertex_type_10f_11f_11f_rev GL_ARB_vertex_type_2_10_10_10_
rev GL_ARB_viewport_array GL_ATI_blend_equation_separate GL_ATI_meminfo GL_ATI_texture_float GL_ATI_texture_mirror_once GL_EXT_EGL_image_storage GL_EXT_EGL_sync GL_EXT_abgr GL_EXT_blend_equation_separate GL_EXT_depth_bounds_test GL_EXT_draw_buffers2 GL_EXT_draw_instanced GL_EXT_framebuffer_blit GL_EXT_framebuffer_multisample GL_EXT_framebuffer_multisample_blit_scaled GL_EXT_framebuffer_object GL_EXT_framebuffer_sRGB GL_EXT_memory_object GL_EXT_memory_object_fd GL_EXT_packed_depth_stencil GL_EXT_packed_float GL_EXT_pixel_buffer_object GL_EXT_polygon_offset_clamp GL_EXT_provoking_vertex GL_EXT_semaphore GL_EXT_semaphore_fd GL_EXT_shader_image_load_formatted GL_EXT_shader_image_load_store GL_EXT_shader_integer_mix GL_EXT_shader_samples_identical GL_EXT_texture_array GL_EXT_texture_compression_dxt1 GL_EXT_texture_compression_rgtc GL_EXT_texture_compression_s3tc GL_EXT_texture_filter_anisotropic GL_EXT_texture_integer GL_EXT_texture_mirror_clamp GL_EXT_texture_sRGB GL_EXT_texture_sRGB_R8 GL_EXT_texture_sRGB_decod
e GL_EXT_texture_shadow_lod GL_EXT_texture_shared_exponent GL_EXT_texture_snorm GL_EXT_texture_swizzle GL_EXT_timer_query GL_EXT_transform_feedback GL_EXT_vertex_array_bgra GL_EXT_vertex_attrib_64bit GL_EXT_window_rectangles GL_IBM_multimode_draw_arrays GL_KHR_blend_equation_advanced GL_KHR_context_flush_control GL_KHR_debug GL_KHR_no_error GL_KHR_parallel_shader_compile GL_KHR_robust_buffer_access_behavior GL_KHR_robustness GL_KHR_texture_compression_astc_ldr GL_KHR_texture_compression_astc_sliced_3d GL_MESA_framebuffer_flip_y GL_MESA_pack_invert GL_MESA_shader_integer_functions GL_MESA_texture_signed_rgba GL_NVX_gpu_memory_info GL_NV_alpha_to_coverage_dither_control GL_NV_conditional_render GL_NV_copy_image GL_NV_depth_clamp GL_NV_packed_depth_stencil GL_NV_texture_barrier GL_NV_vdpau_interop GL_OES_EGL_image GL_S3_s3tc
OPENGL LOG: Creating OpenGL 4.6 graphics device ; Context level  <OpenGL 4.5> ; Context handle -466600480
Initialize mono
Mono path[0] = '/home/rogizord/Unity/Hub/Editor/2020.3.13f1/Editor/Data/Managed'
Mono path[1] = '/home/rogizord/Unity/Hub/Editor/2020.3.13f1/Editor/Data/MonoBleedingEdge/lib/mono/unityjit'
Mono config path = '/home/rogizord/Unity/Hub/Editor/2020.3.13f1/Editor/Data/MonoBleedingEdge/etc'
Using monoOptions --debugger-agent=transport=dt_socket,embedding=1,server=y,suspend=n,address=127.0.0.1:56240
Begin MonoManager ReloadAssembly
Registering precompiled unity dll's ...
Register platform support module: /home/rogizord/Unity/Hub/Editor/2020.3.13f1/Editor/Data/PlaybackEngines/WebGLSupport/UnityEditor.WebGL.Extensions.dll
Register platform support module: /home/rogizord/Unity/Hub/Editor/2020.3.13f1/Editor/Data/PlaybackEngines/LinuxStandaloneSupport/UnityEditor.LinuxStandalone.Extensions.dll
Registered in 0,001680 seconds.
Native extension for LinuxStandalone target not found
Native extension for WebGL target not found
Refreshing native plugins compatible for Editor in 48,00 ms, found 1 plugins.
Preloading 0 native plugins for Editor in 0,00 ms.
Mono: successfully reloaded assembly
- Completed reload, in  2,232 seconds
Platform modules already initialized, skipping
Registering precompiled user dll's ...
Registered in 0,003228 seconds.
Begin MonoManager ReloadAssembly
Native extension for LinuxStandalone target not found
Native extension for WebGL target not found
Refreshing native plugins compatible for Editor in 47,06 ms, found 1 plugins.
Preloading 0 native plugins for Editor in 0,00 ms.
Mono: successfully reloaded assembly
- Completed reload, in  1,340 seconds
Platform modules already initialized, skipping
========================================================================
Worker process is ready to serve import requests
Launched and connected shader compiler UnityShaderCompiler after 0.01 seconds
Refreshing native plugins compatible for Editor in 0,53 ms, found 1 plugins.
Preloading 0 native plugins for Editor in 0,00 ms.
Unloading 2098 Unused Serialized files (Serialized files now loaded: 0)
System memory in use before: 89,2 MB.
System memory in use after: 89,1 MB.

Unloading 33 unused Assets to reduce memory usage. Loaded Objects now: 2532.
Total: 3,712683 ms (FindLiveObjects: 0,217705 ms CreateObjectMapping: 0,093588 ms MarkObjects: 3,034914 ms  DeleteObjects: 0,365402 ms)

AssetImportParameters requested are different than current active one (requested -> active):
  custom:video-decoder-ogg-theora: a1e56fd34408186e4bbccfd4996cb3dc -> 
  custom:container-muxer-webm: aa71ff27fc2769a1b78a27578f13a17b -> 
  custom:container-demuxer-webm: 4f35f7cbe854078d1ac9338744f61a02 -> 
  custom:container-demuxer-ogg: 62fdf1f143b41e24485cea50d1cbac27 -> 
  custom:video-encoder-webm-vp8: eb34c28f22e8b96e1ab97ce403110664 -> 
  custom:video-decoder-webm-vp8: 9c59270c3fd7afecdb556c50c9e8de78 -> 
  custom:audio-decoder-ogg-vorbis: bf7c407c2cedff20999df2af8eb42d56 -> 
  custom:audio-encoder-webm-vorbis: bf7c407c2cedff20999df2af8eb42d56 -> 
========================================================================
Received Import Request.
  path: Assets/Animations/dollWalk.controller
  artifactKey: Guid(d466a84728679cd88a162ca135721705) Importer(815301076,1909f56bfc062723c751e8b465ee728b)
Start importing Assets/Animations/dollWalk.controller using Guid(d466a84728679cd88a162ca135721705) Importer(815301076,1909f56bfc062723c751e8b465ee728b)  -> (artifact id: '473727e5950a7d45c92e7dc2f786a6b9') in 0,014945 seconds 
  Import took 0,019571 seconds .

========================================================================
Received Prepare
Refreshing native plugins compatible for Editor in 3,68 ms, found 1 plugins.
Preloading 0 native plugins for Editor in 0,00 ms.
Unloading 19 Unused Serialized files (Serialized files now loaded: 0)
System memory in use before: 46,8 MB.
System memory in use after: 46,7 MB.

Unloading 19 unused Assets to reduce memory usage. Loaded Objects now: 2532.
Total: 4,882855 ms (FindLiveObjects: 0,191331 ms CreateObjectMapping: 0,073586 ms MarkObjects: 4,273534 ms  DeleteObjects: 0,340490 ms)

AssetImportParameters requested are different than current active one (requested -> active):
  custom:video-decoder-ogg-theora: a1e56fd34408186e4bbccfd4996cb3dc -> 
  custom:container-muxer-webm: aa71ff27fc2769a1b78a27578f13a17b -> 
  custom:container-demuxer-webm: 4f35f7cbe854078d1ac9338744f61a02 -> 
  custom:container-demuxer-ogg: 62fdf1f143b41e24485cea50d1cbac27 -> 
  custom:video-encoder-webm-vp8: eb34c28f22e8b96e1ab97ce403110664 -> 
  custom:video-decoder-webm-vp8: 9c59270c3fd7afecdb556c50c9e8de78 -> 
  custom:audio-decoder-ogg-vorbis: bf7c407c2cedff20999df2af8eb42d56 -> 
  custom:audio-encoder-webm-vorbis: bf7c407c2cedff20999df2af8eb42d56 -> 
========================================================================
Received Prepare
Registering precompiled user dll's ...
Registered in 0,003177 seconds.
Begin MonoManager ReloadAssembly
Native extension for LinuxStandalone target not found
Native extension for WebGL target not found
Refreshing native plugins compatible for Editor in 0,50 ms, found 1 plugins.
Preloading 0 native plugins for Editor in 0,00 ms.
Mono: successfully reloaded assembly
- Completed reload, in  1,207 seconds
Platform modules already initialized, skipping
Refreshing native plugins compatible for Editor in 0,58 ms, found 1 plugins.
Preloading 0 native plugins for Editor in 0,00 ms.
Unloading 2080 Unused Serialized files (Serialized files now loaded: 0)
System memory in use before: 87,9 MB.
System memory in use after: 87,8 MB.

Unloading 21 unused Assets to reduce memory usage. Loaded Objects now: 2536.
Total: 3,212594 ms (FindLiveObjects: 0,191801 ms CreateObjectMapping: 0,081036 ms MarkObjects: 2,766546 ms  DeleteObjects: 0,171874 ms)

AssetImportParameters requested are different than current active one (requested -> active):
  custom:video-decoder-ogg-theora: a1e56fd34408186e4bbccfd4996cb3dc -> 
  custom:container-muxer-webm: aa71ff27fc2769a1b78a27578f13a17b -> 
  custom:container-demuxer-webm: 4f35f7cbe854078d1ac9338744f61a02 -> 
  custom:container-demuxer-ogg: 62fdf1f143b41e24485cea50d1cbac27 -> 
  custom:video-encoder-webm-vp8: eb34c28f22e8b96e1ab97ce403110664 -> 
  custom:video-decoder-webm-vp8: 9c59270c3fd7afecdb556c50c9e8de78 -> 
  custom:audio-decoder-ogg-vorbis: bf7c407c2cedff20999df2af8eb42d56 -> 
  custom:audio-encoder-webm-vorbis: bf7c407c2cedff20999df2af8eb42d56 -> 
========================================================================
Received Import Request.
  Time since last request: 209,507216 seconds.
  path: Assets/Sprites/dollWalk.png
  artifactKey: Guid(f531e0a922d69176ba19139c630db2a2) Importer(815301076,1909f56bfc062723c751e8b465ee728b)
Start importing Assets/Sprites/dollWalk.png using Guid(f531e0a922d69176ba19139c630db2a2) Importer(815301076,1909f56bfc062723c751e8b465ee728b)  -> (artifact id: '25d4f821868126758dc1e061bc6b424b') in 0,160397 seconds 
  Import took 0,164533 seconds .

========================================================================
Received Import Request.
  Time since last request: 5,582059 seconds.
  path: Assets/Animations/dollWalk.controller
  artifactKey: Guid(d466a84728679cd88a162ca135721705) Importer(815301076,1909f56bfc062723c751e8b465ee728b)
Start importing Assets/Animations/dollWalk.controller using Guid(d466a84728679cd88a162ca135721705) Importer(815301076,1909f56bfc062723c751e8b465ee728b)  -> (artifact id: 'c39cc1a41c2597d026951d5ffe6190c0') in 0,003252 seconds 
  Import took 0,007287 seconds .

========================================================================
Received Import Request.
  Time since last request: 126,378546 seconds.
  path: Assets/Animations/dollJump.anim
  artifactKey: Guid(67c5ab0cb41dcc435bb78f916abdbed6) Importer(815301076,1909f56bfc062723c751e8b465ee728b)
Start importing Assets/Animations/dollJump.anim using Guid(67c5ab0cb41dcc435bb78f916abdbed6) Importer(815301076,1909f56bfc062723c751e8b465ee728b)  -> (artifact id: '09b6f1f7f36b6f223d6a6c70dcda781e') in 0,001449 seconds 
  Import took 0,005496 seconds .

========================================================================
Received Import Request.
  Time since last request: 38,846292 seconds.
  path: Assets/Sprites/dollWalk.anim
  artifactKey: Guid(0b3aaebcb5056a6c9838cf1a1c3cb58b) Importer(815301076,1909f56bfc062723c751e8b465ee728b)
Start importing Assets/Sprites/dollWalk.anim using Guid(0b3aaebcb5056a6c9838cf1a1c3cb58b) Importer(815301076,1909f56bfc062723c751e8b465ee728b)  -> (artifact id: 'd94ea2d67c9a02eaa010dd35a333f482') in 0,002274 seconds 
  Import took 0,006415 seconds .

========================================================================
Received Import Request.
  Time since last request: 47,326275 seconds.
  path: Assets/Animations/dollWalk.controller
  artifactKey: Guid(d466a84728679cd88a162ca135721705) Importer(815301076,1909f56bfc062723c751e8b465ee728b)
Start importing Assets/Animations/dollWalk.controller using Guid(d466a84728679cd88a162ca135721705) Importer(815301076,1909f56bfc062723c751e8b465ee728b)  -> (artifact id: '90ac5fc5c5fc2311cefb3f748bc1718d') in 0,002985 seconds 
  Import took 0,007390 seconds .

========================================================================
Received Import Request.
  Time since last request: 3298,407336 seconds.
  path: Assets/Scripts/trophy_emblems__x1_1_png_1354832920.png
  artifactKey: Guid(afa5e4096e82795f29d3ecf344f7053d) Importer(815301076,1909f56bfc062723c751e8b465ee728b)
Start importing Assets/Scripts/trophy_emblems__x1_1_png_1354832920.png using Guid(afa5e4096e82795f29d3ecf344f7053d) Importer(815301076,1909f56bfc062723c751e8b465ee728b)  -> (artifact id: '8b11c40019139784c9a1fbc42f3768f7') in 0,004744 seconds 
  Import took 0,008792 seconds .

========================================================================
Received Import Request.
  Time since last request: 13,948813 seconds.
  path: Assets/Sprites/trophy_emblems__x1_1_png_1354832920.png
  artifactKey: Guid(afa5e4096e82795f29d3ecf344f7053d) Importer(815301076,1909f56bfc062723c751e8b465ee728b)
Start importing Assets/Sprites/trophy_emblems__x1_1_png_1354832920.png using Guid(afa5e4096e82795f29d3ecf344f7053d) Importer(815301076,1909f56bfc062723c751e8b465ee728b)  -> (artifact id: 'ed26b9f97c345af810b3369895c66698') in 0,004211 seconds 
  Import took 0,009190 seconds .

========================================================================
Received Import Request.
  Time since last request: 0,018339 seconds.
  path: Assets/Sprites/trophy_emblems__x1_1_png_1354832920.png
  artifactKey: Guid(afa5e4096e82795f29d3ecf344f7053d) Importer(815301076,1909f56bfc062723c751e8b465ee728b)
Start importing Assets/Sprites/trophy_emblems__x1_1_png_1354832920.png using Guid(afa5e4096e82795f29d3ecf344f7053d) Importer(815301076,1909f56bfc062723c751e8b465ee728b)  -> (artifact id: 'ed26b9f97c345af810b3369895c66698') in 0,003949 seconds 
  Import took 0,008059 seconds .

========================================================================
Received Import Request.
  Time since last request: 139,706032 seconds.
  path: Assets/Sprites/trophy_emblems__x1_1_png_1354832920.png
  artifactKey: Guid(afa5e4096e82795f29d3ecf344f7053d) Importer(815301076,1909f56bfc062723c751e8b465ee728b)
Start importing Assets/Sprites/trophy_emblems__x1_1_png_1354832920.png using Guid(afa5e4096e82795f29d3ecf344f7053d) Importer(815301076,1909f56bfc062723c751e8b465ee728b)  -> (artifact id: '4338cc8d9d49649e0bb24a8353a82598') in 0,006086 seconds 
  Import took 0,010110 seconds .

========================================================================
Received Import Request.
  Time since last request: 0,018371 seconds.
  path: Assets/Sprites/trophy_emblems__x1_1_png_1354832920.png
  artifactKey: Guid(afa5e4096e82795f29d3ecf344f7053d) Importer(815301076,1909f56bfc062723c751e8b465ee728b)
Start importing Assets/Sprites/trophy_emblems__x1_1_png_1354832920.png using Guid(afa5e4096e82795f29d3ecf344f7053d) Importer(815301076,1909f56bfc062723c751e8b465ee728b)  -> (artifact id: '4338cc8d9d49649e0bb24a8353a82598') in 0,006961 seconds 
  Import took 0,011018 seconds .

========================================================================
Received Import Request.
  Time since last request: 209,478725 seconds.
  path: Packages/com.unity.2d.spriteshape/Editor/ObjectMenuCreation/DefaultAssets/Sprite Shapes/Closed Sprite Shape.prefab
  artifactKey: Guid(c0583b4e855c74b8c82e7b9b5efb5ce9) Importer(815301076,1909f56bfc062723c751e8b465ee728b)
Start importing Packages/com.unity.2d.spriteshape/Editor/ObjectMenuCreation/DefaultAssets/Sprite Shapes/Closed Sprite Shape.prefab using Guid(c0583b4e855c74b8c82e7b9b5efb5ce9) Importer(815301076,1909f56bfc062723c751e8b465ee728b)  -> (artifact id: '2cce7a24742fd5e8a8ab2da20c69032f') in 0,018598 seconds 
  Import took 0,023013 seconds .

========================================================================
Received Import Request.
  Time since last request: 0,000213 seconds.
  path: Packages/com.unity.2d.spriteshape/Editor/ObjectMenuCreation/DefaultAssets/Sprite Shapes/Open Sprite Shape.prefab
  artifactKey: Guid(86ae7de409eb54f619fb1328e4d42480) Importer(815301076,1909f56bfc062723c751e8b465ee728b)
Start importing Packages/com.unity.2d.spriteshape/Editor/ObjectMenuCreation/DefaultAssets/Sprite Shapes/Open Sprite Shape.prefab using Guid(86ae7de409eb54f619fb1328e4d42480) Importer(815301076,1909f56bfc062723c751e8b465ee728b)  -> (artifact id: 'bdee885e51b9ccf0fcef3a7dbe274ecc') in 0,003435 seconds 
  Import took 0,006762 seconds .

========================================================================
Received Import Request.
  Time since last request: 10,702356 seconds.
  path: Assets/Animations/trophy.controller
  artifactKey: Guid(417359f1cef566c61b0990e605ca39e5) Importer(815301076,1909f56bfc062723c751e8b465ee728b)
Start importing Assets/Animations/trophy.controller using Guid(417359f1cef566c61b0990e605ca39e5) Importer(815301076,1909f56bfc062723c751e8b465ee728b)  -> (artifact id: '10c774d89f40d492be6ad1c546325756') in 0,002077 seconds 
  Import took 0,006648 seconds .

========================================================================
Received Import Request.
  Time since last request: 55,425186 seconds.
  path: Assets/Sprites/trophy_emblems__x1_1_png_1354832920.png
  artifactKey: Guid(afa5e4096e82795f29d3ecf344f7053d) Importer(815301076,1909f56bfc062723c751e8b465ee728b)
Start importing Assets/Sprites/trophy_emblems__x1_1_png_1354832920.png using Guid(afa5e4096e82795f29d3ecf344f7053d) Importer(815301076,1909f56bfc062723c751e8b465ee728b)  -> (artifact id: 'a54a7da46b097442c35514a01b4a00b1') in 0,007828 seconds 
  Import took 0,012484 seconds .

========================================================================
Received Import Request.
  Time since last request: 0,008211 seconds.
  path: Assets/Sprites/trophy_emblems__x1_1_png_1354832920.png
  artifactKey: Guid(afa5e4096e82795f29d3ecf344f7053d) Importer(815301076,1909f56bfc062723c751e8b465ee728b)
Start importing Assets/Sprites/trophy_emblems__x1_1_png_1354832920.png using Guid(afa5e4096e82795f29d3ecf344f7053d) Importer(815301076,1909f56bfc062723c751e8b465ee728b)  -> (artifact id: 'a54a7da46b097442c35514a01b4a00b1') in 0,007506 seconds 
  Import took 0,011782 seconds .

========================================================================
Received Import Request.
  Time since last request: 5,265965 seconds.
  path: Assets/Sprites/trophy_emblems__x1_1_png_1354832920.png
  artifactKey: Guid(afa5e4096e82795f29d3ecf344f7053d) Importer(815301076,1909f56bfc062723c751e8b465ee728b)
Start importing Assets/Sprites/trophy_emblems__x1_1_png_1354832920.png using Guid(afa5e4096e82795f29d3ecf344f7053d) Importer(815301076,1909f56bfc062723c751e8b465ee728b)  -> (artifact id: '1a96222cfb8a3fa87d96c36e088047f9') in 0,006578 seconds 
  Import took 0,010573 seconds .

========================================================================
Received Import Request.
  Time since last request: 0,009646 seconds.
  path: Assets/Sprites/trophy_emblems__x1_1_png_1354832920.png
  artifactKey: Guid(afa5e4096e82795f29d3ecf344f7053d) Importer(815301076,1909f56bfc062723c751e8b465ee728b)
Start importing Assets/Sprites/trophy_emblems__x1_1_png_1354832920.png using Guid(afa5e4096e82795f29d3ecf344f7053d) Importer(815301076,1909f56bfc062723c751e8b465ee728b)  -> (artifact id: '1a96222cfb8a3fa87d96c36e088047f9') in 0,008251 seconds 
  Import took 0,012650 seconds .

========================================================================
Received Import Request.
  Time since last request: 6,453893 seconds.
  path: Assets/Sprites/trophy.png
  artifactKey: Guid(afa5e4096e82795f29d3ecf344f7053d) Importer(815301076,1909f56bfc062723c751e8b465ee728b)
Start importing Assets/Sprites/trophy.png using Guid(afa5e4096e82795f29d3ecf344f7053d) Importer(815301076,1909f56bfc062723c751e8b465ee728b)  -> (artifact id: '731a26c781d34ae3e6af4b9091e8ff30') in 0,011424 seconds 
  Import took 0,015642 seconds .

========================================================================
Received Import Request.
  Time since last request: 0,003569 seconds.
  path: Assets/Sprites/trophy.png
  artifactKey: Guid(afa5e4096e82795f29d3ecf344f7053d) Importer(815301076,1909f56bfc062723c751e8b465ee728b)
Start importing Assets/Sprites/trophy.png using Guid(afa5e4096e82795f29d3ecf344f7053d) Importer(815301076,1909f56bfc062723c751e8b465ee728b)  -> (artifact id: '731a26c781d34ae3e6af4b9091e8ff30') in 0,006867 seconds 
  Import took 0,011015 seconds .

========================================================================
Received Import Request.
  Time since last request: 939,589069 seconds.
  path: Assets/Scripts/Attacker.cs
  artifactKey: Guid(481446c9c7a040e2793735747e5ae09a) Importer(815301076,1909f56bfc062723c751e8b465ee728b)
Start importing Assets/Scripts/Attacker.cs using Guid(481446c9c7a040e2793735747e5ae09a) Importer(815301076,1909f56bfc062723c751e8b465ee728b)  -> (artifact id: 'dc03acd3824ba546c47e0f56a6206a04') in 0,001314 seconds 
  Import took 0,005301 seconds .

========================================================================
Received Prepare
Registering precompiled user dll's ...
Registered in 0,002909 seconds.
Begin MonoManager ReloadAssembly
Native extension for LinuxStandalone target not found
Native extension for WebGL target not found
Refreshing native plugins compatible for Editor in 0,49 ms, found 1 plugins.
Preloading 0 native plugins for Editor in 0,00 ms.
Mono: successfully reloaded assembly
- Completed reload, in  1,243 seconds
Platform modules already initialized, skipping
Refreshing native plugins compatible for Editor in 0,54 ms, found 1 plugins.
Preloading 0 native plugins for Editor in 0,00 ms.
Unloading 2081 Unused Serialized files (Serialized files now loaded: 0)
System memory in use before: 89,2 MB.
System memory in use after: 89,2 MB.

Unloading 21 unused Assets to reduce memory usage. Loaded Objects now: 2554.
Total: 3,463486 ms (FindLiveObjects: 0,205030 ms CreateObjectMapping: 0,085900 ms MarkObjects: 2,996470 ms  DeleteObjects: 0,174578 ms)

AssetImportParameters requested are different than current active one (requested -> active):
  custom:video-decoder-ogg-theora: a1e56fd34408186e4bbccfd4996cb3dc -> 
  custom:container-muxer-webm: aa71ff27fc2769a1b78a27578f13a17b -> 
  custom:container-demuxer-webm: 4f35f7cbe854078d1ac9338744f61a02 -> 
  custom:container-demuxer-ogg: 62fdf1f143b41e24485cea50d1cbac27 -> 
  custom:video-encoder-webm-vp8: eb34c28f22e8b96e1ab97ce403110664 -> 
  custom:video-decoder-webm-vp8: 9c59270c3fd7afecdb556c50c9e8de78 -> 
  custom:audio-decoder-ogg-vorbis: bf7c407c2cedff20999df2af8eb42d56 -> 
  custom:audio-encoder-webm-vorbis: bf7c407c2cedff20999df2af8eb42d56 -> 
========================================================================
Received Prepare
Registering precompiled user dll's ...
Registered in 0,003361 seconds.
Begin MonoManager ReloadAssembly
Native extension for LinuxStandalone target not found
Native extension for WebGL target not found
Refreshing native plugins compatible for Editor in 0,45 ms, found 1 plugins.
Preloading 0 native plugins for Editor in 0,00 ms.
Mono: successfully reloaded assembly
- Completed reload, in  1,214 seconds
Platform modules already initialized, skipping
Refreshing native plugins compatible for Editor in 0,45 ms, found 1 plugins.
Preloading 0 native plugins for Editor in 0,00 ms.
Unloading 2081 Unused Serialized files (Serialized files now loaded: 0)
System memory in use before: 89,2 MB.
System memory in use after: 89,2 MB.

Unloading 21 unused Assets to reduce memory usage. Loaded Objects now: 2558.
Total: 4,153484 ms (FindLiveObjects: 0,213853 ms CreateObjectMapping: 0,086856 ms MarkObjects: 3,636293 ms  DeleteObjects: 0,214732 ms)

AssetImportParameters requested are different than current active one (requested -> active):
  custom:video-decoder-ogg-theora: a1e56fd34408186e4bbccfd4996cb3dc -> 
  custom:container-muxer-webm: aa71ff27fc2769a1b78a27578f13a17b -> 
  custom:container-demuxer-webm: 4f35f7cbe854078d1ac9338744f61a02 -> 
  custom:container-demuxer-ogg: 62fdf1f143b41e24485cea50d1cbac27 -> 
  custom:video-encoder-webm-vp8: eb34c28f22e8b96e1ab97ce403110664 -> 
  custom:video-decoder-webm-vp8: 9c59270c3fd7afecdb556c50c9e8de78 -> 
  custom:audio-decoder-ogg-vorbis: bf7c407c2cedff20999df2af8eb42d56 -> 
  custom:audio-encoder-webm-vorbis: bf7c407c2cedff20999df2af8eb42d56 -> 
========================================================================
Received Prepare
Registering precompiled user dll's ...
Registered in 0,003370 seconds.
Begin MonoManager ReloadAssembly
Native extension for LinuxStandalone target not found
Native extension for WebGL target not found
Refreshing native plugins compatible for Editor in 0,46 ms, found 1 plugins.
Preloading 0 native plugins for Editor in 0,00 ms.
Mono: successfully reloaded assembly
- Completed reload, in  1,188 seconds
Platform modules already initialized, skipping
Refreshing native plugins compatible for Editor in 0,52 ms, found 1 plugins.
Preloading 0 native plugins for Editor in 0,00 ms.
Unloading 2081 Unused Serialized files (Serialized files now loaded: 0)
System memory in use before: 89,3 MB.
System memory in use after: 89,2 MB.

Unloading 21 unused Assets to reduce memory usage. Loaded Objects now: 2562.
Total: 4,277369 ms (FindLiveObjects: 0,306348 ms CreateObjectMapping: 0,091381 ms MarkObjects: 3,695202 ms  DeleteObjects: 0,183088 ms)

AssetImportParameters requested are different than current active one (requested -> active):
  custom:video-decoder-ogg-theora: a1e56fd34408186e4bbccfd4996cb3dc -> 
  custom:container-muxer-webm: aa71ff27fc2769a1b78a27578f13a17b -> 
  custom:container-demuxer-webm: 4f35f7cbe854078d1ac9338744f61a02 -> 
  custom:container-demuxer-ogg: 62fdf1f143b41e24485cea50d1cbac27 -> 
  custom:video-encoder-webm-vp8: eb34c28f22e8b96e1ab97ce403110664 -> 
  custom:video-decoder-webm-vp8: 9c59270c3fd7afecdb556c50c9e8de78 -> 
  custom:audio-decoder-ogg-vorbis: bf7c407c2cedff20999df2af8eb42d56 -> 
  custom:audio-encoder-webm-vorbis: bf7c407c2cedff20999df2af8eb42d56 -> 
========================================================================
Received Import Request.
  Time since last request: 164,055652 seconds.
  path: Assets/Animations/dollWalk.controller
  artifactKey: Guid(d466a84728679cd88a162ca135721705) Importer(815301076,1909f56bfc062723c751e8b465ee728b)
Start importing Assets/Animations/dollWalk.controller using Guid(d466a84728679cd88a162ca135721705) Importer(815301076,1909f56bfc062723c751e8b465ee728b)  -> (artifact id: 'eb34e4f7397562ea3b4fb64e31cfc583') in 0,013650 seconds 
  Import took 0,017946 seconds .

========================================================================
Received Import Request.
  Time since last request: 3,683226 seconds.
  path: Assets/Animations/trophy.controller
  artifactKey: Guid(417359f1cef566c61b0990e605ca39e5) Importer(815301076,1909f56bfc062723c751e8b465ee728b)
Start importing Assets/Animations/trophy.controller using Guid(417359f1cef566c61b0990e605ca39e5) Importer(815301076,1909f56bfc062723c751e8b465ee728b)  -> (artifact id: '1b41a9c661981285a6026d0429e1af98') in 0,001298 seconds 
  Import took 0,005536 seconds .

========================================================================
Received Import Request.
  Time since last request: 0,616725 seconds.
  path: Assets/Animations/TrophyDance.anim
  artifactKey: Guid(69d8352b56a9a8f3a8c625ef0b7e2bb5) Importer(815301076,1909f56bfc062723c751e8b465ee728b)
Start importing Assets/Animations/TrophyDance.anim using Guid(69d8352b56a9a8f3a8c625ef0b7e2bb5) Importer(815301076,1909f56bfc062723c751e8b465ee728b)  -> (artifact id: '1b97b8780cc94e6ed6972b72f4ac5b51') in 0,001664 seconds 
  Import took 0,005621 seconds .

========================================================================
Received Import Request.
  Time since last request: 0,006484 seconds.
  path: Assets/Animations/TrophyDance.anim
  artifactKey: Guid(69d8352b56a9a8f3a8c625ef0b7e2bb5) Importer(815301076,1909f56bfc062723c751e8b465ee728b)
Start importing Assets/Animations/TrophyDance.anim using Guid(69d8352b56a9a8f3a8c625ef0b7e2bb5) Importer(815301076,1909f56bfc062723c751e8b465ee728b)  -> (artifact id: '1b97b8780cc94e6ed6972b72f4ac5b51') in 0,001174 seconds 
  Import took 0,005426 seconds .

========================================================================
Received Import Request.
  Time since last request: 4,122321 seconds.
  path: Assets/Animations/dollWalk.anim
  artifactKey: Guid(0b3aaebcb5056a6c9838cf1a1c3cb58b) Importer(815301076,1909f56bfc062723c751e8b465ee728b)
Start importing Assets/Animations/dollWalk.anim using Guid(0b3aaebcb5056a6c9838cf1a1c3cb58b) Importer(815301076,1909f56bfc062723c751e8b465ee728b)  -> (artifact id: '3b5def9f42691c56ae300c89eec9ffb0') in 0,001497 seconds 
  Import took 0,005870 seconds .

========================================================================
Received Import Request.
  Time since last request: 5,259849 seconds.
  path: Assets/Animations/dollWalk.anim
  artifactKey: Guid(0b3aaebcb5056a6c9838cf1a1c3cb58b) Importer(815301076,1909f56bfc062723c751e8b465ee728b)
Start importing Assets/Animations/dollWalk.anim using Guid(0b3aaebcb5056a6c9838cf1a1c3cb58b) Importer(815301076,1909f56bfc062723c751e8b465ee728b)  -> (artifact id: '55533e0f9705ceb5baf61564272e644d') in 0,002220 seconds 
  Import took 0,006443 seconds .

========================================================================
Received Prepare
Registering precompiled user dll's ...
Registered in 0,003457 seconds.
Begin MonoManager ReloadAssembly
Native extension for LinuxStandalone target not found
Native extension for WebGL target not found
Refreshing native plugins compatible for Editor in 0,59 ms, found 1 plugins.
Preloading 0 native plugins for Editor in 0,00 ms.
Mono: successfully reloaded assembly
- Completed reload, in  1,211 seconds
Platform modules already initialized, skipping
Refreshing native plugins compatible for Editor in 0,50 ms, found 1 plugins.
Preloading 0 native plugins for Editor in 0,00 ms.
Unloading 2081 Unused Serialized files (Serialized files now loaded: 0)
System memory in use before: 89,3 MB.
System memory in use after: 89,2 MB.

Unloading 21 unused Assets to reduce memory usage. Loaded Objects now: 2566.
Total: 4,725463 ms (FindLiveObjects: 0,274116 ms CreateObjectMapping: 0,102841 ms MarkObjects: 4,052200 ms  DeleteObjects: 0,284191 ms)

AssetImportParameters requested are different than current active one (requested -> active):
  custom:video-decoder-ogg-theora: a1e56fd34408186e4bbccfd4996cb3dc -> 
  custom:container-muxer-webm: aa71ff27fc2769a1b78a27578f13a17b -> 
  custom:container-demuxer-webm: 4f35f7cbe854078d1ac9338744f61a02 -> 
  custom:container-demuxer-ogg: 62fdf1f143b41e24485cea50d1cbac27 -> 
  custom:video-encoder-webm-vp8: eb34c28f22e8b96e1ab97ce403110664 -> 
  custom:video-decoder-webm-vp8: 9c59270c3fd7afecdb556c50c9e8de78 -> 
  custom:audio-decoder-ogg-vorbis: bf7c407c2cedff20999df2af8eb42d56 -> 
  custom:audio-encoder-webm-vorbis: bf7c407c2cedff20999df2af8eb42d56 -> 
========================================================================
Received Prepare
Registering precompiled user dll's ...
Registered in 0,003211 seconds.
Begin MonoManager ReloadAssembly
Native extension for LinuxStandalone target not found
Native extension for WebGL target not found
Refreshing native plugins compatible for Editor in 0,54 ms, found 1 plugins.
Preloading 0 native plugins for Editor in 0,00 ms.
Mono: successfully reloaded assembly
- Completed reload, in  1,230 seconds
Platform modules already initialized, skipping
Refreshing native plugins compatible for Editor in 0,46 ms, found 1 plugins.
Preloading 0 native plugins for Editor in 0,00 ms.
Unloading 2081 Unused Serialized files (Serialized files now loaded: 0)
System memory in use before: 89,3 MB.
System memory in use after: 89,2 MB.

Unloading 21 unused Assets to reduce memory usage. Loaded Objects now: 2570.
Total: 4,452462 ms (FindLiveObjects: 0,235384 ms CreateObjectMapping: 0,081009 ms MarkObjects: 3,937483 ms  DeleteObjects: 0,196941 ms)

AssetImportParameters requested are different than current active one (requested -> active):
  custom:video-decoder-ogg-theora: a1e56fd34408186e4bbccfd4996cb3dc -> 
  custom:container-muxer-webm: aa71ff27fc2769a1b78a27578f13a17b -> 
  custom:container-demuxer-webm: 4f35f7cbe854078d1ac9338744f61a02 -> 
  custom:container-demuxer-ogg: 62fdf1f143b41e24485cea50d1cbac27 -> 
  custom:video-encoder-webm-vp8: eb34c28f22e8b96e1ab97ce403110664 -> 
  custom:video-decoder-webm-vp8: 9c59270c3fd7afecdb556c50c9e8de78 -> 
  custom:audio-decoder-ogg-vorbis: bf7c407c2cedff20999df2af8eb42d56 -> 
  custom:audio-encoder-webm-vorbis: bf7c407c2cedff20999df2af8eb42d56 -> 
========================================================================
Received Prepare
Registering precompiled user dll's ...
Registered in 0,003146 seconds.
Begin MonoManager ReloadAssembly
Native extension for LinuxStandalone target not found
Native extension for WebGL target not found
Refreshing native plugins compatible for Editor in 0,47 ms, found 1 plugins.
Preloading 0 native plugins for Editor in 0,00 ms.
Mono: successfully reloaded assembly
- Completed reload, in  1,152 seconds
Platform modules already initialized, skipping
Refreshing native plugins compatible for Editor in 0,45 ms, found 1 plugins.
Preloading 0 native plugins for Editor in 0,00 ms.
Unloading 2081 Unused Serialized files (Serialized files now loaded: 0)
System memory in use before: 89,3 MB.
System memory in use after: 89,2 MB.

Unloading 21 unused Assets to reduce memory usage. Loaded Objects now: 2574.
Total: 3,376154 ms (FindLiveObjects: 0,221275 ms CreateObjectMapping: 0,083078 ms MarkObjects: 2,884326 ms  DeleteObjects: 0,185631 ms)

AssetImportParameters requested are different than current active one (requested -> active):
  custom:video-decoder-ogg-theora: a1e56fd34408186e4bbccfd4996cb3dc -> 
  custom:container-muxer-webm: aa71ff27fc2769a1b78a27578f13a17b -> 
  custom:container-demuxer-webm: 4f35f7cbe854078d1ac9338744f61a02 -> 
  custom:container-demuxer-ogg: 62fdf1f143b41e24485cea50d1cbac27 -> 
  custom:video-encoder-webm-vp8: eb34c28f22e8b96e1ab97ce403110664 -> 
  custom:video-decoder-webm-vp8: 9c59270c3fd7afecdb556c50c9e8de78 -> 
  custom:audio-decoder-ogg-vorbis: bf7c407c2cedff20999df2af8eb42d56 -> 
  custom:audio-encoder-webm-vorbis: bf7c407c2cedff20999df2af8eb42d56 -> 
========================================================================
Received Prepare
Registering precompiled user dll's ...
Registered in 0,003389 seconds.
Begin MonoManager ReloadAssembly
Native extension for LinuxStandalone target not found
Native extension for WebGL target not found
Refreshing native plugins compatible for Editor in 0,48 ms, found 1 plugins.
Preloading 0 native plugins for Editor in 0,00 ms.
Mono: successfully reloaded assembly
- Completed reload, in  1,229 seconds
Platform modules already initialized, skipping
Refreshing native plugins compatible for Editor in 0,49 ms, found 1 plugins.
Preloading 0 native plugins for Editor in 0,00 ms.
Unloading 2081 Unused Serialized files (Serialized files now loaded: 0)
System memory in use before: 89,3 MB.
System memory in use after: 89,3 MB.

Unloading 21 unused Assets to reduce memory usage. Loaded Objects now: 2578.
Total: 3,873685 ms (FindLiveObjects: 0,236905 ms CreateObjectMapping: 0,136161 ms MarkObjects: 3,318921 ms  DeleteObjects: 0,179877 ms)

AssetImportParameters requested are different than current active one (requested -> active):
  custom:video-decoder-ogg-theora: a1e56fd34408186e4bbccfd4996cb3dc -> 
  custom:container-muxer-webm: aa71ff27fc2769a1b78a27578f13a17b -> 
  custom:container-demuxer-webm: 4f35f7cbe854078d1ac9338744f61a02 -> 
  custom:container-demuxer-ogg: 62fdf1f143b41e24485cea50d1cbac27 -> 
  custom:video-encoder-webm-vp8: eb34c28f22e8b96e1ab97ce403110664 -> 
  custom:video-decoder-webm-vp8: 9c59270c3fd7afecdb556c50c9e8de78 -> 
  custom:audio-decoder-ogg-vorbis: bf7c407c2cedff20999df2af8eb42d56 -> 
  custom:audio-encoder-webm-vorbis: bf7c407c2cedff20999df2af8eb42d56 -> 
========================================================================
Received Prepare
Registering precompiled user dll's ...
Registered in 0,003311 seconds.
Begin MonoManager ReloadAssembly
Native extension for LinuxStandalone target not found
Native extension for WebGL target not found
Refreshing native plugins compatible for Editor in 0,50 ms, found 1 plugins.
Preloading 0 native plugins for Editor in 0,00 ms.
Mono: successfully reloaded assembly
- Completed reload, in  1,130 seconds
Platform modules already initialized, skipping
Refreshing native plugins compatible for Editor in 0,45 ms, found 1 plugins.
Preloading 0 native plugins for Editor in 0,00 ms.
Unloading 2081 Unused Serialized files (Serialized files now loaded: 0)
System memory in use before: 89,3 MB.
System memory in use after: 89,3 MB.

Unloading 21 unused Assets to reduce memory usage. Loaded Objects now: 2582.
Total: 3,354130 ms (FindLiveObjects: 0,251954 ms CreateObjectMapping: 0,126585 ms MarkObjects: 2,799987 ms  DeleteObjects: 0,174547 ms)

AssetImportParameters requested are different than current active one (requested -> active):
  custom:video-decoder-ogg-theora: a1e56fd34408186e4bbccfd4996cb3dc -> 
  custom:container-muxer-webm: aa71ff27fc2769a1b78a27578f13a17b -> 
  custom:container-demuxer-webm: 4f35f7cbe854078d1ac9338744f61a02 -> 
  custom:container-demuxer-ogg: 62fdf1f143b41e24485cea50d1cbac27 -> 
  custom:video-encoder-webm-vp8: eb34c28f22e8b96e1ab97ce403110664 -> 
  custom:video-decoder-webm-vp8: 9c59270c3fd7afecdb556c50c9e8de78 -> 
  custom:audio-decoder-ogg-vorbis: bf7c407c2cedff20999df2af8eb42d56 -> 
  custom:audio-encoder-webm-vorbis: bf7c407c2cedff20999df2af8eb42d56 -> 
========================================================================
Received Prepare
Registering precompiled user dll's ...
Registered in 0,003051 seconds.
Begin MonoManager ReloadAssembly
Native extension for LinuxStandalone target not found
Native extension for WebGL target not found
Refreshing native plugins compatible for Editor in 0,47 ms, found 1 plugins.
Preloading 0 native plugins for Editor in 0,00 ms.
Mono: successfully reloaded assembly
- Completed reload, in  1,178 seconds
Platform modules already initialized, skipping
Refreshing native plugins compatible for Editor in 0,45 ms, found 1 plugins.
Preloading 0 native plugins for Editor in 0,00 ms.
Unloading 2081 Unused Serialized files (Serialized files now loaded: 0)
System memory in use before: 89,3 MB.
System memory in use after: 89,3 MB.

Unloading 21 unused Assets to reduce memory usage. Loaded Objects now: 2586.
Total: 3,492563 ms (FindLiveObjects: 0,247714 ms CreateObjectMapping: 0,116461 ms MarkObjects: 2,918713 ms  DeleteObjects: 0,208151 ms)

AssetImportParameters requested are different than current active one (requested -> active):
  custom:video-decoder-ogg-theora: a1e56fd34408186e4bbccfd4996cb3dc -> 
  custom:container-muxer-webm: aa71ff27fc2769a1b78a27578f13a17b -> 
  custom:container-demuxer-webm: 4f35f7cbe854078d1ac9338744f61a02 -> 
  custom:container-demuxer-ogg: 62fdf1f143b41e24485cea50d1cbac27 -> 
  custom:video-encoder-webm-vp8: eb34c28f22e8b96e1ab97ce403110664 -> 
  custom:video-decoder-webm-vp8: 9c59270c3fd7afecdb556c50c9e8de78 -> 
  custom:audio-decoder-ogg-vorbis: bf7c407c2cedff20999df2af8eb42d56 -> 
  custom:audio-encoder-webm-vorbis: bf7c407c2cedff20999df2af8eb42d56 -> 
========================================================================
Received Prepare
Registering precompiled user dll's ...
Registered in 0,003354 seconds.
Begin MonoManager ReloadAssembly
Native extension for LinuxStandalone target not found
Native extension for WebGL target not found
Refreshing native plugins compatible for Editor in 0,47 ms, found 1 plugins.
Preloading 0 native plugins for Editor in 0,00 ms.
Mono: successfully reloaded assembly
- Completed reload, in  1,231 seconds
Platform modules already initialized, skipping
Refreshing native plugins compatible for Editor in 0,45 ms, found 1 plugins.
Preloading 0 native plugins for Editor in 0,00 ms.
Unloading 2081 Unused Serialized files (Serialized files now loaded: 0)
System memory in use before: 89,3 MB.
System memory in use after: 89,3 MB.

Unloading 21 unused Assets to reduce memory usage. Loaded Objects now: 2590.
Total: 4,998269 ms (FindLiveObjects: 0,260203 ms CreateObjectMapping: 0,126464 ms MarkObjects: 4,399943 ms  DeleteObjects: 0,209899 ms)

AssetImportParameters requested are different than current active one (requested -> active):
  custom:video-decoder-ogg-theora: a1e56fd34408186e4bbccfd4996cb3dc -> 
  custom:container-muxer-webm: aa71ff27fc2769a1b78a27578f13a17b -> 
  custom:container-demuxer-webm: 4f35f7cbe854078d1ac9338744f61a02 -> 
  custom:container-demuxer-ogg: 62fdf1f143b41e24485cea50d1cbac27 -> 
  custom:video-encoder-webm-vp8: eb34c28f22e8b96e1ab97ce403110664 -> 
  custom:video-decoder-webm-vp8: 9c59270c3fd7afecdb556c50c9e8de78 -> 
  custom:audio-decoder-ogg-vorbis: bf7c407c2cedff20999df2af8eb42d56 -> 
  custom:audio-encoder-webm-vorbis: bf7c407c2cedff20999df2af8eb42d56 -> 
========================================================================
Received Import Request.
  Time since last request: 925,873197 seconds.
  path: Assets/Prefabs/EnemyDoll.prefab
  artifactKey: Guid(d1265e9643778784f8fbb5bb3a75351c) Importer(815301076,1909f56bfc062723c751e8b465ee728b)
Start importing Assets/Prefabs/EnemyDoll.prefab using Guid(d1265e9643778784f8fbb5bb3a75351c) Importer(815301076,1909f56bfc062723c751e8b465ee728b)  -> (artifact id: 'cdeb6769c6bcda264ebbcccf438d48f1') in 0,067859 seconds 
  Import took 0,072254 seconds .

========================================================================
Received Import Request.
  Time since last request: 0,003605 seconds.
  path: Assets/Prefabs/EnemyDoll.prefab
  artifactKey: Guid(d1265e9643778784f8fbb5bb3a75351c) Importer(815301076,1909f56bfc062723c751e8b465ee728b)
Start importing Assets/Prefabs/EnemyDoll.prefab using Guid(d1265e9643778784f8fbb5bb3a75351c) Importer(815301076,1909f56bfc062723c751e8b465ee728b)  -> (artifact id: 'cdeb6769c6bcda264ebbcccf438d48f1') in 0,009142 seconds 
  Import took 0,013257 seconds .

========================================================================
Received Import Request.
  Time since last request: 13,417530 seconds.
  path: Assets/Prefabs/Trophy.prefab
  artifactKey: Guid(8024de3eda1246dfcaba7b4d9f40a905) Importer(815301076,1909f56bfc062723c751e8b465ee728b)
Start importing Assets/Prefabs/Trophy.prefab using Guid(8024de3eda1246dfcaba7b4d9f40a905) Importer(815301076,1909f56bfc062723c751e8b465ee728b)  -> (artifact id: '473c77b3182ddcd01f2bce01d5ff8c4a') in 0,010161 seconds 
  Import took 0,014497 seconds .

========================================================================
Received Import Request.
  Time since last request: 0,007388 seconds.
  path: Assets/Prefabs/Trophy.prefab
  artifactKey: Guid(8024de3eda1246dfcaba7b4d9f40a905) Importer(815301076,1909f56bfc062723c751e8b465ee728b)
Start importing Assets/Prefabs/Trophy.prefab using Guid(8024de3eda1246dfcaba7b4d9f40a905) Importer(815301076,1909f56bfc062723c751e8b465ee728b)  -> (artifact id: '473c77b3182ddcd01f2bce01d5ff8c4a') in 0,011220 seconds 
  Import took 0,015887 seconds .

========================================================================
Received Import Request.
  Time since last request: 1,895947 seconds.
  path: Assets/Prefabs/Spawner.prefab
  artifactKey: Guid(b07c7a9c01d664e4c9400d2d14b23cd4) Importer(815301076,1909f56bfc062723c751e8b465ee728b)
Start importing Assets/Prefabs/Spawner.prefab using Guid(b07c7a9c01d664e4c9400d2d14b23cd4) Importer(815301076,1909f56bfc062723c751e8b465ee728b)  -> (artifact id: '3ba3b2d17d2ed69182a038967ad3af2f') in 0,002940 seconds 
  Import took 0,014238 seconds .

========================================================================
Received Import Request.
  Time since last request: 0,004607 seconds.
  path: Assets/Prefabs/Spawner.prefab
  artifactKey: Guid(b07c7a9c01d664e4c9400d2d14b23cd4) Importer(815301076,1909f56bfc062723c751e8b465ee728b)
Start importing Assets/Prefabs/Spawner.prefab using Guid(b07c7a9c01d664e4c9400d2d14b23cd4) Importer(815301076,1909f56bfc062723c751e8b465ee728b)  -> (artifact id: '3ba3b2d17d2ed69182a038967ad3af2f') in 0,003384 seconds 
  Import took 0,007583 seconds .

========================================================================
Received Import Request.
  Time since last request: 3,087918 seconds.
  path: Assets/Prefabs/Canvas.prefab
  artifactKey: Guid(f7247360a7636c25190684f4335a046f) Importer(815301076,1909f56bfc062723c751e8b465ee728b)
Start importing Assets/Prefabs/Canvas.prefab using Guid(f7247360a7636c25190684f4335a046f) Importer(815301076,1909f56bfc062723c751e8b465ee728b)  -> (artifact id: '67b0c58fccd22cb6723b5d34b22e4be1') in 0,031911 seconds 
  Import took 0,036307 seconds .

========================================================================
Received Import Request.
  Time since last request: 0,021264 seconds.
  path: Assets/Prefabs/Canvas.prefab
  artifactKey: Guid(f7247360a7636c25190684f4335a046f) Importer(815301076,1909f56bfc062723c751e8b465ee728b)
Start importing Assets/Prefabs/Canvas.prefab using Guid(f7247360a7636c25190684f4335a046f) Importer(815301076,1909f56bfc062723c751e8b465ee728b)  -> (artifact id: '67b0c58fccd22cb6723b5d34b22e4be1') in 0,008999 seconds 
  Import took 0,013608 seconds .

========================================================================
Received Import Request.
  Time since last request: 2,077706 seconds.
  path: Assets/Prefabs/GameCamera.prefab
  artifactKey: Guid(bd71565aec41e4117aeb74d3b1e8a831) Importer(815301076,1909f56bfc062723c751e8b465ee728b)
Start importing Assets/Prefabs/GameCamera.prefab using Guid(bd71565aec41e4117aeb74d3b1e8a831) Importer(815301076,1909f56bfc062723c751e8b465ee728b)  -> (artifact id: 'b2cefcffef976a6f2286b6c3b7143445') in 0,002847 seconds 
  Import took 0,006793 seconds .

========================================================================
Received Import Request.
  Time since last request: 0,024991 seconds.
  path: Assets/Prefabs/GameCamera.prefab
  artifactKey: Guid(bd71565aec41e4117aeb74d3b1e8a831) Importer(815301076,1909f56bfc062723c751e8b465ee728b)
Start importing Assets/Prefabs/GameCamera.prefab using Guid(bd71565aec41e4117aeb74d3b1e8a831) Importer(815301076,1909f56bfc062723c751e8b465ee728b)  -> (artifact id: 'b2cefcffef976a6f2286b6c3b7143445') in 0,002670 seconds 
  Import took 0,007059 seconds .

========================================================================
Received Prepare
Registering precompiled user dll's ...
Registered in 0,003232 seconds.
Begin MonoManager ReloadAssembly
Native extension for LinuxStandalone target not found
Native extension for WebGL target not found
Refreshing native plugins compatible for Editor in 0,61 ms, found 1 plugins.
Preloading 0 native plugins for Editor in 0,00 ms.
Mono: successfully reloaded assembly
- Completed reload, in  1,216 seconds
Platform modules already initialized, skipping
Refreshing native plugins compatible for Editor in 0,47 ms, found 1 plugins.
Preloading 0 native plugins for Editor in 0,00 ms.
Unloading 2082 Unused Serialized files (Serialized files now loaded: 0)
System memory in use before: 89,4 MB.
System memory in use after: 89,4 MB.

Unloading 23 unused Assets to reduce memory usage. Loaded Objects now: 2600.
Total: 5,366267 ms (FindLiveObjects: 0,312163 ms CreateObjectMapping: 0,145327 ms MarkObjects: 4,649710 ms  DeleteObjects: 0,256777 ms)

AssetImportParameters requested are different than current active one (requested -> active):
  custom:video-decoder-ogg-theora: a1e56fd34408186e4bbccfd4996cb3dc -> 
  custom:container-muxer-webm: aa71ff27fc2769a1b78a27578f13a17b -> 
  custom:container-demuxer-webm: 4f35f7cbe854078d1ac9338744f61a02 -> 
  custom:container-demuxer-ogg: 62fdf1f143b41e24485cea50d1cbac27 -> 
  custom:video-encoder-webm-vp8: eb34c28f22e8b96e1ab97ce403110664 -> 
  custom:video-decoder-webm-vp8: 9c59270c3fd7afecdb556c50c9e8de78 -> 
  custom:audio-decoder-ogg-vorbis: bf7c407c2cedff20999df2af8eb42d56 -> 
  custom:audio-encoder-webm-vorbis: bf7c407c2cedff20999df2af8eb42d56 -> 
========================================================================
Received Import Request.
  Time since last request: 35,442413 seconds.
  path: Assets/Scripts/AttackarSpawner.cs
  artifactKey: Guid(5286cb32a098af2258b7bc36d7e85fa9) Importer(815301076,1909f56bfc062723c751e8b465ee728b)
Start importing Assets/Scripts/AttackarSpawner.cs using Guid(5286cb32a098af2258b7bc36d7e85fa9) Importer(815301076,1909f56bfc062723c751e8b465ee728b)  -> (artifact id: '38b43869c64122713f22063c5f44d81d') in 0,004120 seconds 
  Import took 0,008188 seconds .

========================================================================
Received Import Request.
  Time since last request: 531,199220 seconds.
  path: Assets/Scripts/AttackarSpawner.cs
  artifactKey: Guid(5286cb32a098af2258b7bc36d7e85fa9) Importer(815301076,1909f56bfc062723c751e8b465ee728b)
Start importing Assets/Scripts/AttackarSpawner.cs using Guid(5286cb32a098af2258b7bc36d7e85fa9) Importer(815301076,1909f56bfc062723c751e8b465ee728b)  -> (artifact id: '36672d72a73928703fe4ef67c49b99c4') in 0,000919 seconds 
  Import took 0,006903 seconds .

========================================================================
Received Import Request.
  Time since last request: 0,004159 seconds.
  path: Assets/Scripts/AttackarSpawner.cs
  artifactKey: Guid(5286cb32a098af2258b7bc36d7e85fa9) Importer(815301076,1909f56bfc062723c751e8b465ee728b)
Start importing Assets/Scripts/AttackarSpawner.cs using Guid(5286cb32a098af2258b7bc36d7e85fa9) Importer(815301076,1909f56bfc062723c751e8b465ee728b)  -> (artifact id: '36672d72a73928703fe4ef67c49b99c4') in 0,000695 seconds 
  Import took 0,004637 seconds .

========================================================================
Received Prepare
Registering precompiled user dll's ...
Registered in 0,002997 seconds.
Begin MonoManager ReloadAssembly
Native extension for LinuxStandalone target not found
Native extension for WebGL target not found
Refreshing native plugins compatible for Editor in 0,48 ms, found 1 plugins.
Preloading 0 native plugins for Editor in 0,00 ms.
Mono: successfully reloaded assembly
- Completed reload, in  1,150 seconds
Platform modules already initialized, skipping
Refreshing native plugins compatible for Editor in 0,45 ms, found 1 plugins.
Preloading 0 native plugins for Editor in 0,00 ms.
Unloading 2082 Unused Serialized files (Serialized files now loaded: 0)
System memory in use before: 89,4 MB.
System memory in use after: 89,4 MB.

Unloading 21 unused Assets to reduce memory usage. Loaded Objects now: 2604.
Total: 4,717678 ms (FindLiveObjects: 0,302011 ms CreateObjectMapping: 0,210728 ms MarkObjects: 3,988288 ms  DeleteObjects: 0,215234 ms)

AssetImportParameters requested are different than current active one (requested -> active):
  custom:video-decoder-ogg-theora: a1e56fd34408186e4bbccfd4996cb3dc -> 
  custom:container-muxer-webm: aa71ff27fc2769a1b78a27578f13a17b -> 
  custom:container-demuxer-webm: 4f35f7cbe854078d1ac9338744f61a02 -> 
  custom:container-demuxer-ogg: 62fdf1f143b41e24485cea50d1cbac27 -> 
  custom:video-encoder-webm-vp8: eb34c28f22e8b96e1ab97ce403110664 -> 
  custom:video-decoder-webm-vp8: 9c59270c3fd7afecdb556c50c9e8de78 -> 
  custom:audio-decoder-ogg-vorbis: bf7c407c2cedff20999df2af8eb42d56 -> 
  custom:audio-encoder-webm-vorbis: bf7c407c2cedff20999df2af8eb42d56 -> 
========================================================================
Received Prepare
Registering precompiled user dll's ...
Registered in 0,003475 seconds.
Begin MonoManager ReloadAssembly
Native extension for LinuxStandalone target not found
Native extension for WebGL target not found
Refreshing native plugins compatible for Editor in 0,47 ms, found 1 plugins.
Preloading 0 native plugins for Editor in 0,00 ms.
Mono: successfully reloaded assembly
- Completed reload, in  1,228 seconds
Platform modules already initialized, skipping
Refreshing native plugins compatible for Editor in 0,53 ms, found 1 plugins.
Preloading 0 native plugins for Editor in 0,00 ms.
Unloading 2082 Unused Serialized files (Serialized files now loaded: 0)
System memory in use before: 89,4 MB.
System memory in use after: 89,4 MB.

Unloading 21 unused Assets to reduce memory usage. Loaded Objects now: 2608.
Total: 3,624347 ms (FindLiveObjects: 0,239439 ms CreateObjectMapping: 0,087482 ms MarkObjects: 3,118122 ms  DeleteObjects: 0,177956 ms)

AssetImportParameters requested are different than current active one (requested -> active):
  custom:video-decoder-ogg-theora: a1e56fd34408186e4bbccfd4996cb3dc -> 
  custom:container-muxer-webm: aa71ff27fc2769a1b78a27578f13a17b -> 
  custom:container-demuxer-webm: 4f35f7cbe854078d1ac9338744f61a02 -> 
  custom:container-demuxer-ogg: 62fdf1f143b41e24485cea50d1cbac27 -> 
  custom:video-encoder-webm-vp8: eb34c28f22e8b96e1ab97ce403110664 -> 
  custom:video-decoder-webm-vp8: 9c59270c3fd7afecdb556c50c9e8de78 -> 
  custom:audio-decoder-ogg-vorbis: bf7c407c2cedff20999df2af8eb42d56 -> 
  custom:audio-encoder-webm-vorbis: bf7c407c2cedff20999df2af8eb42d56 -> 
========================================================================
Received Prepare
Registering precompiled user dll's ...
Registered in 0,003048 seconds.
Begin MonoManager ReloadAssembly
Native extension for LinuxStandalone target not found
Native extension for WebGL target not found
Refreshing native plugins compatible for Editor in 0,47 ms, found 1 plugins.
Preloading 0 native plugins for Editor in 0,00 ms.
Mono: successfully reloaded assembly
- Completed reload, in  1,154 seconds
Platform modules already initialized, skipping
Refreshing native plugins compatible for Editor in 0,45 ms, found 1 plugins.
Preloading 0 native plugins for Editor in 0,00 ms.
Unloading 2082 Unused Serialized files (Serialized files now loaded: 0)
System memory in use before: 89,4 MB.
System memory in use after: 89,4 MB.

Unloading 21 unused Assets to reduce memory usage. Loaded Objects now: 2612.
Total: 9,938373 ms (FindLiveObjects: 0,267982 ms CreateObjectMapping: 0,101203 ms MarkObjects: 9,369703 ms  DeleteObjects: 0,197937 ms)

AssetImportParameters requested are different than current active one (requested -> active):
  custom:video-decoder-ogg-theora: a1e56fd34408186e4bbccfd4996cb3dc -> 
  custom:container-muxer-webm: aa71ff27fc2769a1b78a27578f13a17b -> 
  custom:container-demuxer-webm: 4f35f7cbe854078d1ac9338744f61a02 -> 
  custom:container-demuxer-ogg: 62fdf1f143b41e24485cea50d1cbac27 -> 
  custom:video-encoder-webm-vp8: eb34c28f22e8b96e1ab97ce403110664 -> 
  custom:video-decoder-webm-vp8: 9c59270c3fd7afecdb556c50c9e8de78 -> 
  custom:audio-decoder-ogg-vorbis: bf7c407c2cedff20999df2af8eb42d56 -> 
  custom:audio-encoder-webm-vorbis: bf7c407c2cedff20999df2af8eb42d56 -> 
========================================================================
Received Import Request.
  Time since last request: 267,623600 seconds.
  path: Assets/Prefabs/Spawner.prefab
  artifactKey: Guid(b07c7a9c01d664e4c9400d2d14b23cd4) Importer(815301076,1909f56bfc062723c751e8b465ee728b)
Start importing Assets/Prefabs/Spawner.prefab using Guid(b07c7a9c01d664e4c9400d2d14b23cd4) Importer(815301076,1909f56bfc062723c751e8b465ee728b)  -> (artifact id: '06ddc3928077d56d44499971294e34ec') in 0,028503 seconds 
  Import took 0,032727 seconds .

========================================================================
Received Prepare
Registering precompiled user dll's ...
Registered in 0,003199 seconds.
Begin MonoManager ReloadAssembly
Native extension for LinuxStandalone target not found
Native extension for WebGL target not found
Refreshing native plugins compatible for Editor in 0,46 ms, found 1 plugins.
Preloading 0 native plugins for Editor in 0,00 ms.
Mono: successfully reloaded assembly
- Completed reload, in  1,198 seconds
Platform modules already initialized, skipping
Refreshing native plugins compatible for Editor in 0,49 ms, found 1 plugins.
Preloading 0 native plugins for Editor in 0,00 ms.
Unloading 2082 Unused Serialized files (Serialized files now loaded: 0)
System memory in use before: 89,5 MB.
System memory in use after: 89,4 MB.

Unloading 21 unused Assets to reduce memory usage. Loaded Objects now: 2616.
Total: 3,614882 ms (FindLiveObjects: 0,243187 ms CreateObjectMapping: 0,084571 ms MarkObjects: 3,092548 ms  DeleteObjects: 0,193086 ms)

AssetImportParameters requested are different than current active one (requested -> active):
  custom:video-decoder-ogg-theora: a1e56fd34408186e4bbccfd4996cb3dc -> 
  custom:container-muxer-webm: aa71ff27fc2769a1b78a27578f13a17b -> 
  custom:container-demuxer-webm: 4f35f7cbe854078d1ac9338744f61a02 -> 
  custom:container-demuxer-ogg: 62fdf1f143b41e24485cea50d1cbac27 -> 
  custom:video-encoder-webm-vp8: eb34c28f22e8b96e1ab97ce403110664 -> 
  custom:video-decoder-webm-vp8: 9c59270c3fd7afecdb556c50c9e8de78 -> 
  custom:audio-decoder-ogg-vorbis: bf7c407c2cedff20999df2af8eb42d56 -> 
  custom:audio-encoder-webm-vorbis: bf7c407c2cedff20999df2af8eb42d56 -> 
========================================================================
Received Prepare
Registering precompiled user dll's ...
Registered in 0,003284 seconds.
Begin MonoManager ReloadAssembly
Native extension for LinuxStandalone target not found
Native extension for WebGL target not found
Refreshing native plugins compatible for Editor in 0,46 ms, found 1 plugins.
Preloading 0 native plugins for Editor in 0,00 ms.
Mono: successfully reloaded assembly
- Completed reload, in  1,206 seconds
Platform modules already initialized, skipping
Refreshing native plugins compatible for Editor in 0,46 ms, found 1 plugins.
Preloading 0 native plugins for Editor in 0,00 ms.
Unloading 2082 Unused Serialized files (Serialized files now loaded: 0)
System memory in use before: 89,5 MB.
System memory in use after: 89,4 MB.

Unloading 21 unused Assets to reduce memory usage. Loaded Objects now: 2620.
Total: 3,927129 ms (FindLiveObjects: 0,260121 ms CreateObjectMapping: 0,094684 ms MarkObjects: 3,379065 ms  DeleteObjects: 0,191857 ms)

AssetImportParameters requested are different than current active one (requested -> active):
  custom:video-decoder-ogg-theora: a1e56fd34408186e4bbccfd4996cb3dc -> 
  custom:container-muxer-webm: aa71ff27fc2769a1b78a27578f13a17b -> 
  custom:container-demuxer-webm: 4f35f7cbe854078d1ac9338744f61a02 -> 
  custom:container-demuxer-ogg: 62fdf1f143b41e24485cea50d1cbac27 -> 
  custom:video-encoder-webm-vp8: eb34c28f22e8b96e1ab97ce403110664 -> 
  custom:video-decoder-webm-vp8: 9c59270c3fd7afecdb556c50c9e8de78 -> 
  custom:audio-decoder-ogg-vorbis: bf7c407c2cedff20999df2af8eb42d56 -> 
  custom:audio-encoder-webm-vorbis: bf7c407c2cedff20999df2af8eb42d56 -> 
========================================================================
Received Prepare
Registering precompiled user dll's ...
Registered in 0,003126 seconds.
Begin MonoManager ReloadAssembly
Native extension for LinuxStandalone target not found
Native extension for WebGL target not found
Refreshing native plugins compatible for Editor in 0,48 ms, found 1 plugins.
Preloading 0 native plugins for Editor in 0,00 ms.
Mono: successfully reloaded assembly
- Completed reload, in  1,132 seconds
Platform modules already initialized, skipping
Refreshing native plugins compatible for Editor in 0,45 ms, found 1 plugins.
Preloading 0 native plugins for Editor in 0,00 ms.
Unloading 2082 Unused Serialized files (Serialized files now loaded: 0)
System memory in use before: 89,5 MB.
System memory in use after: 89,4 MB.

Unloading 21 unused Assets to reduce memory usage. Loaded Objects now: 2624.
Total: 3,823043 ms (FindLiveObjects: 0,230220 ms CreateObjectMapping: 0,086217 ms MarkObjects: 3,314364 ms  DeleteObjects: 0,191031 ms)

AssetImportParameters requested are different than current active one (requested -> active):
  custom:video-decoder-ogg-theora: a1e56fd34408186e4bbccfd4996cb3dc -> 
  custom:container-muxer-webm: aa71ff27fc2769a1b78a27578f13a17b -> 
  custom:container-demuxer-webm: 4f35f7cbe854078d1ac9338744f61a02 -> 
  custom:container-demuxer-ogg: 62fdf1f143b41e24485cea50d1cbac27 -> 
  custom:video-encoder-webm-vp8: eb34c28f22e8b96e1ab97ce403110664 -> 
  custom:video-decoder-webm-vp8: 9c59270c3fd7afecdb556c50c9e8de78 -> 
  custom:audio-decoder-ogg-vorbis: bf7c407c2cedff20999df2af8eb42d56 -> 
  custom:audio-encoder-webm-vorbis: bf7c407c2cedff20999df2af8eb42d56 -> 
========================================================================
Received Prepare
Registering precompiled user dll's ...
Registered in 0,003046 seconds.
Begin MonoManager ReloadAssembly
Native extension for LinuxStandalone target not found
Native extension for WebGL target not found
Refreshing native plugins compatible for Editor in 0,50 ms, found 1 plugins.
Preloading 0 native plugins for Editor in 0,00 ms.
Mono: successfully reloaded assembly
- Completed reload, in  1,175 seconds
Platform modules already initialized, skipping
Refreshing native plugins compatible for Editor in 0,54 ms, found 1 plugins.
Preloading 0 native plugins for Editor in 0,00 ms.
Unloading 2082 Unused Serialized files (Serialized files now loaded: 0)
System memory in use before: 89,5 MB.
System memory in use after: 89,4 MB.

Unloading 21 unused Assets to reduce memory usage. Loaded Objects now: 2628.
Total: 4,695985 ms (FindLiveObjects: 0,263472 ms CreateObjectMapping: 0,114121 ms MarkObjects: 4,095346 ms  DeleteObjects: 0,220998 ms)

AssetImportParameters requested are different than current active one (requested -> active):
  custom:video-decoder-ogg-theora: a1e56fd34408186e4bbccfd4996cb3dc -> 
  custom:container-muxer-webm: aa71ff27fc2769a1b78a27578f13a17b -> 
  custom:container-demuxer-webm: 4f35f7cbe854078d1ac9338744f61a02 -> 
  custom:container-demuxer-ogg: 62fdf1f143b41e24485cea50d1cbac27 -> 
  custom:video-encoder-webm-vp8: eb34c28f22e8b96e1ab97ce403110664 -> 
  custom:video-decoder-webm-vp8: 9c59270c3fd7afecdb556c50c9e8de78 -> 
  custom:audio-decoder-ogg-vorbis: bf7c407c2cedff20999df2af8eb42d56 -> 
  custom:audio-encoder-webm-vorbis: bf7c407c2cedff20999df2af8eb42d56 -> 
========================================================================
Received Prepare
Registering precompiled user dll's ...
Registered in 0,003234 seconds.
Begin MonoManager ReloadAssembly
Native extension for LinuxStandalone target not found
Native extension for WebGL target not found
Refreshing native plugins compatible for Editor in 0,46 ms, found 1 plugins.
Preloading 0 native plugins for Editor in 0,00 ms.
Mono: successfully reloaded assembly
- Completed reload, in  1,131 seconds
Platform modules already initialized, skipping
Refreshing native plugins compatible for Editor in 0,45 ms, found 1 plugins.
Preloading 0 native plugins for Editor in 0,00 ms.
Unloading 2082 Unused Serialized files (Serialized files now loaded: 0)
System memory in use before: 89,5 MB.
System memory in use after: 89,4 MB.

Unloading 21 unused Assets to reduce memory usage. Loaded Objects now: 2632.
Total: 3,563198 ms (FindLiveObjects: 0,238964 ms CreateObjectMapping: 0,125871 ms MarkObjects: 3,019997 ms  DeleteObjects: 0,176764 ms)

AssetImportParameters requested are different than current active one (requested -> active):
  custom:video-decoder-ogg-theora: a1e56fd34408186e4bbccfd4996cb3dc -> 
  custom:container-muxer-webm: aa71ff27fc2769a1b78a27578f13a17b -> 
  custom:container-demuxer-webm: 4f35f7cbe854078d1ac9338744f61a02 -> 
  custom:container-demuxer-ogg: 62fdf1f143b41e24485cea50d1cbac27 -> 
  custom:video-encoder-webm-vp8: eb34c28f22e8b96e1ab97ce403110664 -> 
  custom:video-decoder-webm-vp8: 9c59270c3fd7afecdb556c50c9e8de78 -> 
  custom:audio-decoder-ogg-vorbis: bf7c407c2cedff20999df2af8eb42d56 -> 
  custom:audio-encoder-webm-vorbis: bf7c407c2cedff20999df2af8eb42d56 -> 
========================================================================
Received Import Request.
  Time since last request: 338,601238 seconds.
  path: Assets/Prefabs/EnemyDoll.prefab
  artifactKey: Guid(d1265e9643778784f8fbb5bb3a75351c) Importer(815301076,1909f56bfc062723c751e8b465ee728b)
Start importing Assets/Prefabs/EnemyDoll.prefab using Guid(d1265e9643778784f8fbb5bb3a75351c) Importer(815301076,1909f56bfc062723c751e8b465ee728b)  -> (artifact id: 'c3616a3ee1c834a387a1ef6f666a9791') in 0,058169 seconds 
  Import took 0,062243 seconds .

========================================================================
Received Prepare
Registering precompiled user dll's ...
Registered in 0,003301 seconds.
Begin MonoManager ReloadAssembly
Native extension for LinuxStandalone target not found
Native extension for WebGL target not found
Refreshing native plugins compatible for Editor in 0,52 ms, found 1 plugins.
Preloading 0 native plugins for Editor in 0,00 ms.
Mono: successfully reloaded assembly
- Completed reload, in  1,305 seconds
Platform modules already initialized, skipping
Refreshing native plugins compatible for Editor in 0,51 ms, found 1 plugins.
Preloading 0 native plugins for Editor in 0,00 ms.
Unloading 2082 Unused Serialized files (Serialized files now loaded: 0)
System memory in use before: 89,5 MB.
System memory in use after: 89,4 MB.

Unloading 21 unused Assets to reduce memory usage. Loaded Objects now: 2637.
Total: 9,152292 ms (FindLiveObjects: 0,369164 ms CreateObjectMapping: 0,150192 ms MarkObjects: 8,385556 ms  DeleteObjects: 0,244883 ms)

AssetImportParameters requested are different than current active one (requested -> active):
  custom:video-decoder-ogg-theora: a1e56fd34408186e4bbccfd4996cb3dc -> 
  custom:container-muxer-webm: aa71ff27fc2769a1b78a27578f13a17b -> 
  custom:container-demuxer-webm: 4f35f7cbe854078d1ac9338744f61a02 -> 
  custom:container-demuxer-ogg: 62fdf1f143b41e24485cea50d1cbac27 -> 
  custom:video-encoder-webm-vp8: eb34c28f22e8b96e1ab97ce403110664 -> 
  custom:video-decoder-webm-vp8: 9c59270c3fd7afecdb556c50c9e8de78 -> 
  custom:audio-decoder-ogg-vorbis: bf7c407c2cedff20999df2af8eb42d56 -> 
  custom:audio-encoder-webm-vorbis: bf7c407c2cedff20999df2af8eb42d56 -> 
========================================================================
Received Prepare
Registering precompiled user dll's ...
Registered in 0,003022 seconds.
Begin MonoManager ReloadAssembly
Native extension for LinuxStandalone target not found
Native extension for WebGL target not found
Refreshing native plugins compatible for Editor in 0,47 ms, found 1 plugins.
Preloading 0 native plugins for Editor in 0,00 ms.
Mono: successfully reloaded assembly
- Completed reload, in  1,183 seconds
Platform modules already initialized, skipping
Refreshing native plugins compatible for Editor in 0,49 ms, found 1 plugins.
Preloading 0 native plugins for Editor in 0,00 ms.
Unloading 2082 Unused Serialized files (Serialized files now loaded: 0)
System memory in use before: 89,5 MB.
System memory in use after: 89,5 MB.

Unloading 21 unused Assets to reduce memory usage. Loaded Objects now: 2641.
Total: 4,017618 ms (FindLiveObjects: 0,235627 ms CreateObjectMapping: 0,091772 ms MarkObjects: 3,476167 ms  DeleteObjects: 0,212351 ms)

AssetImportParameters requested are different than current active one (requested -> active):
  custom:video-decoder-ogg-theora: a1e56fd34408186e4bbccfd4996cb3dc -> 
  custom:container-muxer-webm: aa71ff27fc2769a1b78a27578f13a17b -> 
  custom:container-demuxer-webm: 4f35f7cbe854078d1ac9338744f61a02 -> 
  custom:container-demuxer-ogg: 62fdf1f143b41e24485cea50d1cbac27 -> 
  custom:video-encoder-webm-vp8: eb34c28f22e8b96e1ab97ce403110664 -> 
  custom:video-decoder-webm-vp8: 9c59270c3fd7afecdb556c50c9e8de78 -> 
  custom:audio-decoder-ogg-vorbis: bf7c407c2cedff20999df2af8eb42d56 -> 
  custom:audio-encoder-webm-vorbis: bf7c407c2cedff20999df2af8eb42d56 -> 
========================================================================
Received Prepare
Registering precompiled user dll's ...
Registered in 0,002983 seconds.
Begin MonoManager ReloadAssembly
Native extension for LinuxStandalone target not found
Native extension for WebGL target not found
Refreshing native plugins compatible for Editor in 0,48 ms, found 1 plugins.
Preloading 0 native plugins for Editor in 0,00 ms.
Mono: successfully reloaded assembly
- Completed reload, in  1,205 seconds
Platform modules already initialized, skipping
Refreshing native plugins compatible for Editor in 0,44 ms, found 1 plugins.
Preloading 0 native plugins for Editor in 0,00 ms.
Unloading 2082 Unused Serialized files (Serialized files now loaded: 0)
System memory in use before: 89,5 MB.
System memory in use after: 89,5 MB.

Unloading 21 unused Assets to reduce memory usage. Loaded Objects now: 2645.
Total: 4,408891 ms (FindLiveObjects: 0,302142 ms CreateObjectMapping: 0,104865 ms MarkObjects: 3,792734 ms  DeleteObjects: 0,207257 ms)

AssetImportParameters requested are different than current active one (requested -> active):
  custom:video-decoder-ogg-theora: a1e56fd34408186e4bbccfd4996cb3dc -> 
  custom:container-muxer-webm: aa71ff27fc2769a1b78a27578f13a17b -> 
  custom:container-demuxer-webm: 4f35f7cbe854078d1ac9338744f61a02 -> 
  custom:container-demuxer-ogg: 62fdf1f143b41e24485cea50d1cbac27 -> 
  custom:video-encoder-webm-vp8: eb34c28f22e8b96e1ab97ce403110664 -> 
  custom:video-decoder-webm-vp8: 9c59270c3fd7afecdb556c50c9e8de78 -> 
  custom:audio-decoder-ogg-vorbis: bf7c407c2cedff20999df2af8eb42d56 -> 
  custom:audio-encoder-webm-vorbis: bf7c407c2cedff20999df2af8eb42d56 -> 
========================================================================
Received Prepare
Registering precompiled user dll's ...
Registered in 0,003332 seconds.
Begin MonoManager ReloadAssembly
Native extension for LinuxStandalone target not found
Native extension for WebGL target not found
Refreshing native plugins compatible for Editor in 0,46 ms, found 1 plugins.
Preloading 0 native plugins for Editor in 0,00 ms.
Mono: successfully reloaded assembly
- Completed reload, in  1,114 seconds
Platform modules already initialized, skipping
Refreshing native plugins compatible for Editor in 0,47 ms, found 1 plugins.
Preloading 0 native plugins for Editor in 0,00 ms.
Unloading 2082 Unused Serialized files (Serialized files now loaded: 0)
System memory in use before: 89,5 MB.
System memory in use after: 89,5 MB.

Unloading 21 unused Assets to reduce memory usage. Loaded Objects now: 2649.
Total: 3,390353 ms (FindLiveObjects: 0,255979 ms CreateObjectMapping: 0,099154 ms MarkObjects: 2,852812 ms  DeleteObjects: 0,180968 ms)

AssetImportParameters requested are different than current active one (requested -> active):
  custom:video-decoder-ogg-theora: a1e56fd34408186e4bbccfd4996cb3dc -> 
  custom:container-muxer-webm: aa71ff27fc2769a1b78a27578f13a17b -> 
  custom:container-demuxer-webm: 4f35f7cbe854078d1ac9338744f61a02 -> 
  custom:container-demuxer-ogg: 62fdf1f143b41e24485cea50d1cbac27 -> 
  custom:video-encoder-webm-vp8: eb34c28f22e8b96e1ab97ce403110664 -> 
  custom:video-decoder-webm-vp8: 9c59270c3fd7afecdb556c50c9e8de78 -> 
  custom:audio-decoder-ogg-vorbis: bf7c407c2cedff20999df2af8eb42d56 -> 
  custom:audio-encoder-webm-vorbis: bf7c407c2cedff20999df2af8eb42d56 -> 
========================================================================
Received Prepare
Registering precompiled user dll's ...
Registered in 0,003215 seconds.
Begin MonoManager ReloadAssembly
Native extension for LinuxStandalone target not found
Native extension for WebGL target not found
Refreshing native plugins compatible for Editor in 0,47 ms, found 1 plugins.
Preloading 0 native plugins for Editor in 0,00 ms.
Mono: successfully reloaded assembly
- Completed reload, in  1,218 seconds
Platform modules already initialized, skipping
Refreshing native plugins compatible for Editor in 0,61 ms, found 1 plugins.
Preloading 0 native plugins for Editor in 0,00 ms.
Unloading 2082 Unused Serialized files (Serialized files now loaded: 0)
System memory in use before: 89,5 MB.
System memory in use after: 89,5 MB.

Unloading 21 unused Assets to reduce memory usage. Loaded Objects now: 2653.
Total: 4,846656 ms (FindLiveObjects: 0,392807 ms CreateObjectMapping: 0,227861 ms MarkObjects: 3,977175 ms  DeleteObjects: 0,246920 ms)

AssetImportParameters requested are different than current active one (requested -> active):
  custom:video-decoder-ogg-theora: a1e56fd34408186e4bbccfd4996cb3dc -> 
  custom:container-muxer-webm: aa71ff27fc2769a1b78a27578f13a17b -> 
  custom:container-demuxer-webm: 4f35f7cbe854078d1ac9338744f61a02 -> 
  custom:container-demuxer-ogg: 62fdf1f143b41e24485cea50d1cbac27 -> 
  custom:video-encoder-webm-vp8: eb34c28f22e8b96e1ab97ce403110664 -> 
  custom:video-decoder-webm-vp8: 9c59270c3fd7afecdb556c50c9e8de78 -> 
  custom:audio-decoder-ogg-vorbis: bf7c407c2cedff20999df2af8eb42d56 -> 
  custom:audio-encoder-webm-vorbis: bf7c407c2cedff20999df2af8eb42d56 -> 
========================================================================
Received Prepare
Registering precompiled user dll's ...
Registered in 0,003424 seconds.
Begin MonoManager ReloadAssembly
Native extension for LinuxStandalone target not found
Native extension for WebGL target not found
Refreshing native plugins compatible for Editor in 0,55 ms, found 1 plugins.
Preloading 0 native plugins for Editor in 0,00 ms.
Mono: successfully reloaded assembly
- Completed reload, in  1,272 seconds
Platform modules already initialized, skipping
Refreshing native plugins compatible for Editor in 0,45 ms, found 1 plugins.
Preloading 0 native plugins for Editor in 0,00 ms.
Unloading 2082 Unused Serialized files (Serialized files now loaded: 0)
System memory in use before: 89,5 MB.
System memory in use after: 89,5 MB.

Unloading 21 unused Assets to reduce memory usage. Loaded Objects now: 2657.
Total: 3,619927 ms (FindLiveObjects: 0,237201 ms CreateObjectMapping: 0,081695 ms MarkObjects: 3,122836 ms  DeleteObjects: 0,176993 ms)

AssetImportParameters requested are different than current active one (requested -> active):
  custom:video-decoder-ogg-theora: a1e56fd34408186e4bbccfd4996cb3dc -> 
  custom:container-muxer-webm: aa71ff27fc2769a1b78a27578f13a17b -> 
  custom:container-demuxer-webm: 4f35f7cbe854078d1ac9338744f61a02 -> 
  custom:container-demuxer-ogg: 62fdf1f143b41e24485cea50d1cbac27 -> 
  custom:video-encoder-webm-vp8: eb34c28f22e8b96e1ab97ce403110664 -> 
  custom:video-decoder-webm-vp8: 9c59270c3fd7afecdb556c50c9e8de78 -> 
  custom:audio-decoder-ogg-vorbis: bf7c407c2cedff20999df2af8eb42d56 -> 
  custom:audio-encoder-webm-vorbis: bf7c407c2cedff20999df2af8eb42d56 -> 
========================================================================
Received Import Request.
  Time since last request: 735,161110 seconds.
  path: Assets/Animations/dollWalk.anim
  artifactKey: Guid(0b3aaebcb5056a6c9838cf1a1c3cb58b) Importer(815301076,1909f56bfc062723c751e8b465ee728b)
Start importing Assets/Animations/dollWalk.anim using Guid(0b3aaebcb5056a6c9838cf1a1c3cb58b) Importer(815301076,1909f56bfc062723c751e8b465ee728b)  -> (artifact id: 'c2d255b08da7637b1a6f8a13cdfdad15') in 0,014939 seconds 
  Import took 0,018857 seconds .

========================================================================
Received Import Request.
  Time since last request: 0,015719 seconds.
  path: Assets/Animations/dollWalk.anim
  artifactKey: Guid(0b3aaebcb5056a6c9838cf1a1c3cb58b) Importer(815301076,1909f56bfc062723c751e8b465ee728b)
Start importing Assets/Animations/dollWalk.anim using Guid(0b3aaebcb5056a6c9838cf1a1c3cb58b) Importer(815301076,1909f56bfc062723c751e8b465ee728b)  -> (artifact id: 'c2d255b08da7637b1a6f8a13cdfdad15') in 0,001712 seconds 
  Import took 0,006723 seconds .

========================================================================
Received Import Request.
  Time since last request: 29,002856 seconds.
  path: Assets/Animations/dollWalk.anim
  artifactKey: Guid(0b3aaebcb5056a6c9838cf1a1c3cb58b) Importer(815301076,1909f56bfc062723c751e8b465ee728b)
Start importing Assets/Animations/dollWalk.anim using Guid(0b3aaebcb5056a6c9838cf1a1c3cb58b) Importer(815301076,1909f56bfc062723c751e8b465ee728b)  -> (artifact id: '6160fca1f45fff220726d933504f81d7') in 0,002210 seconds 
  Import took 0,006363 seconds .

========================================================================
Received Import Request.
  Time since last request: 0,027668 seconds.
  path: Assets/Animations/dollWalk.anim
  artifactKey: Guid(0b3aaebcb5056a6c9838cf1a1c3cb58b) Importer(815301076,1909f56bfc062723c751e8b465ee728b)
Start importing Assets/Animations/dollWalk.anim using Guid(0b3aaebcb5056a6c9838cf1a1c3cb58b) Importer(815301076,1909f56bfc062723c751e8b465ee728b)  -> (artifact id: '6160fca1f45fff220726d933504f81d7') in 0,001558 seconds 
  Import took 0,006141 seconds .

========================================================================
Received Prepare
Registering precompiled user dll's ...
Registered in 0,003250 seconds.
Begin MonoManager ReloadAssembly
Native extension for LinuxStandalone target not found
Native extension for WebGL target not found
Refreshing native plugins compatible for Editor in 0,49 ms, found 1 plugins.
Preloading 0 native plugins for Editor in 0,00 ms.
Mono: successfully reloaded assembly
- Completed reload, in  1,205 seconds
Platform modules already initialized, skipping
Refreshing native plugins compatible for Editor in 0,54 ms, found 1 plugins.
Preloading 0 native plugins for Editor in 0,00 ms.
Unloading 2082 Unused Serialized files (Serialized files now loaded: 0)
System memory in use before: 89,5 MB.
System memory in use after: 89,5 MB.

Unloading 21 unused Assets to reduce memory usage. Loaded Objects now: 2661.
Total: 3,490763 ms (FindLiveObjects: 0,245213 ms CreateObjectMapping: 0,129853 ms MarkObjects: 2,938770 ms  DeleteObjects: 0,175829 ms)

AssetImportParameters requested are different than current active one (requested -> active):
  custom:video-decoder-ogg-theora: a1e56fd34408186e4bbccfd4996cb3dc -> 
  custom:container-muxer-webm: aa71ff27fc2769a1b78a27578f13a17b -> 
  custom:container-demuxer-webm: 4f35f7cbe854078d1ac9338744f61a02 -> 
  custom:container-demuxer-ogg: 62fdf1f143b41e24485cea50d1cbac27 -> 
  custom:video-encoder-webm-vp8: eb34c28f22e8b96e1ab97ce403110664 -> 
  custom:video-decoder-webm-vp8: 9c59270c3fd7afecdb556c50c9e8de78 -> 
  custom:audio-decoder-ogg-vorbis: bf7c407c2cedff20999df2af8eb42d56 -> 
  custom:audio-encoder-webm-vorbis: bf7c407c2cedff20999df2af8eb42d56 -> 
========================================================================
Received Import Request.
  Time since last request: 69,215260 seconds.
  path: Assets/Animations/dollWalk.anim
  artifactKey: Guid(0b3aaebcb5056a6c9838cf1a1c3cb58b) Importer(815301076,1909f56bfc062723c751e8b465ee728b)
Start importing Assets/Animations/dollWalk.anim using Guid(0b3aaebcb5056a6c9838cf1a1c3cb58b) Importer(815301076,1909f56bfc062723c751e8b465ee728b)  -> (artifact id: 'd1536b611ac7c2cc373f39947e7b25c4') in 0,012528 seconds 
  Import took 0,016668 seconds .

========================================================================
Received Import Request.
  Time since last request: 0,013387 seconds.
  path: Assets/Animations/dollWalk.anim
  artifactKey: Guid(0b3aaebcb5056a6c9838cf1a1c3cb58b) Importer(815301076,1909f56bfc062723c751e8b465ee728b)
Start importing Assets/Animations/dollWalk.anim using Guid(0b3aaebcb5056a6c9838cf1a1c3cb58b) Importer(815301076,1909f56bfc062723c751e8b465ee728b)  -> (artifact id: 'd1536b611ac7c2cc373f39947e7b25c4') in 0,001606 seconds 
  Import took 0,005630 seconds .

========================================================================
Received Import Request.
  Time since last request: 0,385477 seconds.
  path: Assets/Animations/dollJump.anim
  artifactKey: Guid(67c5ab0cb41dcc435bb78f916abdbed6) Importer(815301076,1909f56bfc062723c751e8b465ee728b)
Start importing Assets/Animations/dollJump.anim using Guid(67c5ab0cb41dcc435bb78f916abdbed6) Importer(815301076,1909f56bfc062723c751e8b465ee728b)  -> (artifact id: '6a58512f86e6fcbb17c10dbba7f37590') in 0,002149 seconds 
  Import took 0,006320 seconds .

========================================================================
Received Import Request.
  Time since last request: 0,010144 seconds.
  path: Assets/Animations/dollJump.anim
  artifactKey: Guid(67c5ab0cb41dcc435bb78f916abdbed6) Importer(815301076,1909f56bfc062723c751e8b465ee728b)
Start importing Assets/Animations/dollJump.anim using Guid(67c5ab0cb41dcc435bb78f916abdbed6) Importer(815301076,1909f56bfc062723c751e8b465ee728b)  -> (artifact id: '6a58512f86e6fcbb17c10dbba7f37590') in 0,001482 seconds 
  Import took 0,005525 seconds .

========================================================================
Received Prepare
Registering precompiled user dll's ...
Registered in 0,003177 seconds.
Begin MonoManager ReloadAssembly
Native extension for LinuxStandalone target not found
Native extension for WebGL target not found
Refreshing native plugins compatible for Editor in 0,46 ms, found 1 plugins.
Preloading 0 native plugins for Editor in 0,00 ms.
Mono: successfully reloaded assembly
- Completed reload, in  1,163 seconds
Platform modules already initialized, skipping
Refreshing native plugins compatible for Editor in 0,46 ms, found 1 plugins.
Preloading 0 native plugins for Editor in 0,00 ms.
Unloading 2082 Unused Serialized files (Serialized files now loaded: 0)
System memory in use before: 89,5 MB.
System memory in use after: 89,5 MB.

Unloading 21 unused Assets to reduce memory usage. Loaded Objects now: 2665.
Total: 3,659728 ms (FindLiveObjects: 0,247030 ms CreateObjectMapping: 0,096750 ms MarkObjects: 3,122016 ms  DeleteObjects: 0,192410 ms)

AssetImportParameters requested are different than current active one (requested -> active):
  custom:video-decoder-ogg-theora: a1e56fd34408186e4bbccfd4996cb3dc -> 
  custom:container-muxer-webm: aa71ff27fc2769a1b78a27578f13a17b -> 
  custom:container-demuxer-webm: 4f35f7cbe854078d1ac9338744f61a02 -> 
  custom:container-demuxer-ogg: 62fdf1f143b41e24485cea50d1cbac27 -> 
  custom:video-encoder-webm-vp8: eb34c28f22e8b96e1ab97ce403110664 -> 
  custom:video-decoder-webm-vp8: 9c59270c3fd7afecdb556c50c9e8de78 -> 
  custom:audio-decoder-ogg-vorbis: bf7c407c2cedff20999df2af8eb42d56 -> 
  custom:audio-encoder-webm-vorbis: bf7c407c2cedff20999df2af8eb42d56 -> 
========================================================================
Received Prepare
Registering precompiled user dll's ...
Registered in 0,003119 seconds.
Begin MonoManager ReloadAssembly
Native extension for LinuxStandalone target not found
Native extension for WebGL target not found
Refreshing native plugins compatible for Editor in 0,49 ms, found 1 plugins.
Preloading 0 native plugins for Editor in 0,00 ms.
Mono: successfully reloaded assembly
- Completed reload, in  1,261 seconds
Platform modules already initialized, skipping
Refreshing native plugins compatible for Editor in 0,50 ms, found 1 plugins.
Preloading 0 native plugins for Editor in 0,00 ms.
Unloading 2082 Unused Serialized files (Serialized files now loaded: 0)
System memory in use before: 89,5 MB.
System memory in use after: 89,5 MB.

Unloading 21 unused Assets to reduce memory usage. Loaded Objects now: 2669.
Total: 3,511332 ms (FindLiveObjects: 0,269848 ms CreateObjectMapping: 0,106840 ms MarkObjects: 2,947804 ms  DeleteObjects: 0,185593 ms)

AssetImportParameters requested are different than current active one (requested -> active):
  custom:video-decoder-ogg-theora: a1e56fd34408186e4bbccfd4996cb3dc -> 
  custom:container-muxer-webm: aa71ff27fc2769a1b78a27578f13a17b -> 
  custom:container-demuxer-webm: 4f35f7cbe854078d1ac9338744f61a02 -> 
  custom:container-demuxer-ogg: 62fdf1f143b41e24485cea50d1cbac27 -> 
  custom:video-encoder-webm-vp8: eb34c28f22e8b96e1ab97ce403110664 -> 
  custom:video-decoder-webm-vp8: 9c59270c3fd7afecdb556c50c9e8de78 -> 
  custom:audio-decoder-ogg-vorbis: bf7c407c2cedff20999df2af8eb42d56 -> 
  custom:audio-encoder-webm-vorbis: bf7c407c2cedff20999df2af8eb42d56 -> 
========================================================================
Received Import Request.
  Time since last request: 35,141950 seconds.
  path: Assets/Animations/dollJump.anim
  artifactKey: Guid(67c5ab0cb41dcc435bb78f916abdbed6) Importer(815301076,1909f56bfc062723c751e8b465ee728b)
Start importing Assets/Animations/dollJump.anim using Guid(67c5ab0cb41dcc435bb78f916abdbed6) Importer(815301076,1909f56bfc062723c751e8b465ee728b)  -> (artifact id: '02fe5da87b4caba132ab365cea179119') in 0,014216 seconds 
  Import took 0,018143 seconds .

========================================================================
Received Import Request.
  Time since last request: 52,792904 seconds.
  path: Assets/Animations/trophy.controller
  artifactKey: Guid(417359f1cef566c61b0990e605ca39e5) Importer(815301076,1909f56bfc062723c751e8b465ee728b)
Start importing Assets/Animations/trophy.controller using Guid(417359f1cef566c61b0990e605ca39e5) Importer(815301076,1909f56bfc062723c751e8b465ee728b)  -> (artifact id: '2bfebc73d9b8b7e0f0981b9255779833') in 0,002851 seconds 
  Import took 0,006925 seconds .

========================================================================
Received Import Request.
  Time since last request: 0,003702 seconds.
  path: Assets/Animations/trophy.controller
  artifactKey: Guid(417359f1cef566c61b0990e605ca39e5) Importer(815301076,1909f56bfc062723c751e8b465ee728b)
Start importing Assets/Animations/trophy.controller using Guid(417359f1cef566c61b0990e605ca39e5) Importer(815301076,1909f56bfc062723c751e8b465ee728b)  -> (artifact id: '2bfebc73d9b8b7e0f0981b9255779833') in 0,002256 seconds 
  Import took 0,007194 seconds .

========================================================================
Received Import Request.
  Time since last request: 0,391215 seconds.
  path: Assets/Animations/TrophyDance.anim
  artifactKey: Guid(69d8352b56a9a8f3a8c625ef0b7e2bb5) Importer(815301076,1909f56bfc062723c751e8b465ee728b)
Start importing Assets/Animations/TrophyDance.anim using Guid(69d8352b56a9a8f3a8c625ef0b7e2bb5) Importer(815301076,1909f56bfc062723c751e8b465ee728b)  -> (artifact id: '7cdcf117af0382c7baa90b02927d172c') in 0,001568 seconds 
  Import took 0,009006 seconds .

AssetImportWorkerClient::OnTransportError - code=2 error=End of file
